22-04-2026 08:12:40 ; INFO ; Otwieranie pliku pomiarów: data/measurements/2023_As(PM10)_24g.csv
22-04-2026 08:12:40 ; INFO ; Zamknięto plik pomiarów. Wczytano 20844 rekordów.
22-04-2026 08:21:23 ; INFO ; Otwieranie pliku metadanych: data/stacje.csv
22-04-2026 08:21:23 ; DEBUG ; Przeczytano wiersz stacji (DsBialka): 134 bajtów
22-04-2026 08:21:23 ; DEBUG ; Przeczytano wiersz stacji (DsBielGrot): 156 bajtów
22-04-2026 08:21:23 ; DEBUG ; Przeczytano wiersz stacji (DsBogatFrancMOB): 161 bajtów
22-04-2026 08:21:23 ; DEBUG ; Przeczytano wiersz stacji (DsBogChop): 167 bajtów
22-04-2026 08:21:23 ; DEBUG ; Przeczytano wiersz stacji (DsBogZatonieMob): 161 bajtów
22-04-2026 08:21:23 ; DEBUG ; Przeczytano wiersz stacji (DsBoleslaMOB): 155 bajtów
22-04-2026 08:21:23 ; DEBUG ; Przeczytano wiersz stacji (DsBrzegGlog): 142 bajtów
22-04-2026 08:21:23 ; DEBUG ; Przeczytano wiersz stacji (DsChojnowKil): 168 bajtów
22-04-2026 08:21:23 ; DEBUG ; Przeczytano wiersz stacji (DsCzar07): 144 bajtów
22-04-2026 08:21:23 ; DEBUG ; Przeczytano wiersz stacji (DsCzerStraza): 157 bajtów
22-04-2026 08:21:23 ; DEBUG ; Przeczytano wiersz stacji (DsCzLasMob): 144 bajtów
22-04-2026 08:21:23 ; DEBUG ; Przeczytano wiersz stacji (DsDusznikMOB): 146 bajtów
22-04-2026 08:21:23 ; DEBUG ; Przeczytano wiersz stacji (DsDuszZiel): 156 bajtów
22-04-2026 08:21:23 ; DEBUG ; Przeczytano wiersz stacji (DsDzialoszyn): 163 bajtów
22-04-2026 08:21:23 ; DEBUG ; Przeczytano wiersz stacji (DsDziePilsud): 188 bajtów
22-04-2026 08:21:23 ; DEBUG ; Przeczytano wiersz stacji (DsDzierKras): 161 bajtów
22-04-2026 08:21:23 ; DEBUG ; Przeczytano wiersz stacji (DsGlogMob): 157 bajtów
22-04-2026 08:21:23 ; DEBUG ; Przeczytano wiersz stacji (DsGlogNorw): 163 bajtów
22-04-2026 08:21:23 ; DEBUG ; Przeczytano wiersz stacji (DsGlogNorwArch): 165 bajtów
22-04-2026 08:21:23 ; DEBUG ; Przeczytano wiersz stacji (DsGlogOrzech): 144 bajtów
22-04-2026 08:21:23 ; DEBUG ; Przeczytano wiersz stacji (DsGlogowko): 130 bajtów
22-04-2026 08:21:23 ; DEBUG ; Przeczytano wiersz stacji (DsGlogSikor): 180 bajtów
22-04-2026 08:21:23 ; DEBUG ; Przeczytano wiersz stacji (DsGlogWiStwo): 178 bajtów
22-04-2026 08:21:23 ; DEBUG ; Przeczytano wiersz stacji (DsGrodziec): 138 bajtów
22-04-2026 08:21:23 ; DEBUG ; Przeczytano wiersz stacji (DsJasnaSport): 181 bajtów
22-04-2026 08:21:23 ; DEBUG ; Przeczytano wiersz stacji (DsJawDmow): 136 bajtów
22-04-2026 08:21:23 ; DEBUG ; Przeczytano wiersz stacji (DsJaworMOB): 133 bajtów
22-04-2026 08:21:23 ; DEBUG ; Przeczytano wiersz stacji (DsJedlinaZdrMOB): 164 bajtów
22-04-2026 08:21:23 ; DEBUG ; Przeczytano wiersz stacji (DsJedlZdroj): 157 bajtów
22-04-2026 08:21:23 ; DEBUG ; Przeczytano wiersz stacji (DsJelGorOgin): 185 bajtów
22-04-2026 08:21:23 ; DEBUG ; Przeczytano wiersz stacji (DsJelGorSoko): 185 bajtów
22-04-2026 08:21:23 ; DEBUG ; Przeczytano wiersz stacji (DsJelw05): 139 bajtów
22-04-2026 08:21:23 ; DEBUG ; Przeczytano wiersz stacji (DsJgCiep): 164 bajtów
22-04-2026 08:21:23 ; DEBUG ; Przeczytano wiersz stacji (DsJgCiepA): 173 bajtów
22-04-2026 08:21:23 ; DEBUG ; Przeczytano wiersz stacji (DsJgGrottgeraPM): 189 bajtów
22-04-2026 08:21:23 ; DEBUG ; Przeczytano wiersz stacji (DsJgGrottgeraPMArch): 191 bajtów
22-04-2026 08:21:23 ; DEBUG ; Przeczytano wiersz stacji (DsJgScieg): 160 bajtów
22-04-2026 08:21:23 ; DEBUG ; Przeczytano wiersz stacji (DsJgWoln): 151 bajtów
22-04-2026 08:21:23 ; DEBUG ; Przeczytano wiersz stacji (DsJgZabob): 147 bajtów
22-04-2026 08:21:23 ; DEBUG ; Przeczytano wiersz stacji (DsKalinowka): 151 bajtów
22-04-2026 08:21:23 ; DEBUG ; Przeczytano wiersz stacji (DsKamGoraMOB): 147 bajtów
22-04-2026 08:21:23 ; DEBUG ; Przeczytano wiersz stacji (DsKawice): 126 bajtów
22-04-2026 08:21:23 ; DEBUG ; Przeczytano wiersz stacji (DsKgMob): 149 bajtów
22-04-2026 08:21:23 ; DEBUG ; Przeczytano wiersz stacji (DsKgSien): 157 bajtów
22-04-2026 08:21:23 ; DEBUG ; Przeczytano wiersz stacji (DsKlodzOkrz): 141 bajtów
22-04-2026 08:21:23 ; DEBUG ; Przeczytano wiersz stacji (DsKlodzSzkol): 163 bajtów
22-04-2026 08:21:23 ; DEBUG ; Przeczytano wiersz stacji (DsKobierz): 165 bajtów
22-04-2026 08:21:23 ; DEBUG ; Przeczytano wiersz stacji (DsKostrzaMOB): 177 bajtów
22-04-2026 08:21:23 ; DEBUG ; Przeczytano wiersz stacji (DsKowMaj): 132 bajtów
22-04-2026 08:21:23 ; DEBUG ; Przeczytano wiersz stacji (DsKozDoly): 131 bajtów
22-04-2026 08:21:23 ; DEBUG ; Przeczytano wiersz stacji (DsKromolin): 147 bajtów
22-04-2026 08:21:23 ; DEBUG ; Przeczytano wiersz stacji (DsKudowaMOB): 153 bajtów
22-04-2026 08:21:23 ; DEBUG ; Przeczytano wiersz stacji (DsKudSlon): 157 bajtów
22-04-2026 08:21:23 ; DEBUG ; Przeczytano wiersz stacji (DsLadekMOB): 151 bajtów
22-04-2026 08:21:23 ; DEBUG ; Przeczytano wiersz stacji (DsLadekWol): 155 bajtów
22-04-2026 08:21:23 ; DEBUG ; Przeczytano wiersz stacji (DsLegAlRzecz): 184 bajtów
22-04-2026 08:21:23 ; DEBUG ; Przeczytano wiersz stacji (DsLegIwasz): 147 bajtów
22-04-2026 08:21:23 ; DEBUG ; Przeczytano wiersz stacji (DsLegJaworz): 158 bajtów
22-04-2026 08:21:23 ; DEBUG ; Przeczytano wiersz stacji (DsLegKsiez): 160 bajtów
22-04-2026 08:21:23 ; DEBUG ; Przeczytano wiersz stacji (DsLegMick): 143 bajtów
22-04-2026 08:21:23 ; DEBUG ; Przeczytano wiersz stacji (DsLegPolarna): 167 bajtów
22-04-2026 08:21:23 ; DEBUG ; Przeczytano wiersz stacji (DsLegPoraz): 177 bajtów
22-04-2026 08:21:23 ; DEBUG ; Przeczytano wiersz stacji (DsLegRzecz): 171 bajtów
22-04-2026 08:21:23 ; DEBUG ; Przeczytano wiersz stacji (DsLegRzeczPM): 182 bajtów
22-04-2026 08:21:23 ; DEBUG ; Przeczytano wiersz stacji (DsLegSmok): 167 bajtów
22-04-2026 08:21:23 ; DEBUG ; Przeczytano wiersz stacji (DsLegZlotor): 176 bajtów
22-04-2026 08:21:23 ; DEBUG ; Przeczytano wiersz stacji (DsLesnaRyn): 130 bajtów
22-04-2026 08:21:23 ; DEBUG ; Przeczytano wiersz stacji (DsLubanMieszMOB): 149 bajtów
22-04-2026 08:21:23 ; DEBUG ; Przeczytano wiersz stacji (DsLubanMOB): 138 bajtów
22-04-2026 08:21:23 ; DEBUG ; Przeczytano wiersz stacji (DsLubanRyn): 130 bajtów
22-04-2026 08:21:23 ; DEBUG ; Przeczytano wiersz stacji (DsLubanZaw): 139 bajtów
22-04-2026 08:21:23 ; DEBUG ; Przeczytano wiersz stacji (DsLubinMaj): 140 bajtów
22-04-2026 08:21:23 ; DEBUG ; Przeczytano wiersz stacji (DsLubinMob): 143 bajtów
22-04-2026 08:21:23 ; DEBUG ; Przeczytano wiersz stacji (DsLubinSowia): 142 bajtów
22-04-2026 08:21:23 ; DEBUG ; Przeczytano wiersz stacji (DsLubiWierzb): 164 bajtów
22-04-2026 08:21:23 ; DEBUG ; Przeczytano wiersz stacji (DsLwowekPart): 160 bajtów
22-04-2026 08:21:23 ; DEBUG ; Przeczytano wiersz stacji (DsLwowekSlasMOB): 182 bajtów
22-04-2026 08:21:23 ; DEBUG ; Przeczytano wiersz stacji (DsMiliczMOB): 136 bajtów
22-04-2026 08:21:23 ; DEBUG ; Przeczytano wiersz stacji (DsNowRudJezi): 170 bajtów
22-04-2026 08:21:23 ; DEBUG ; Przeczytano wiersz stacji (DsNowRudSreb): 175 bajtów
22-04-2026 08:21:23 ; DEBUG ; Przeczytano wiersz stacji (DsNRudaPil): 156 bajtów
22-04-2026 08:21:23 ; DEBUG ; Przeczytano wiersz stacji (DsNRudaSlupPM): 181 bajtów
22-04-2026 08:21:23 ; DEBUG ; Przeczytano wiersz stacji (DsNRudaSrebA): 163 bajtów
22-04-2026 08:21:23 ; DEBUG ; Przeczytano wiersz stacji (DsNRudaSrebPArch): 181 bajtów
22-04-2026 08:21:23 ; DEBUG ; Przeczytano wiersz stacji (DsOla3Maj): 131 bajtów
22-04-2026 08:21:23 ; DEBUG ; Przeczytano wiersz stacji (DsOlawZolnAK): 186 bajtów
22-04-2026 08:21:23 ; DEBUG ; Przeczytano wiersz stacji (DsOlesBrzozo): 174 bajtów
22-04-2026 08:21:23 ; DEBUG ; Przeczytano wiersz stacji (DsOlesnicaPM-Arch): 179 bajtów
22-04-2026 08:21:23 ; DEBUG ; Przeczytano wiersz stacji (DsOlesRyn): 142 bajtów
22-04-2026 08:21:23 ; DEBUG ; Przeczytano wiersz stacji (DsOsieczow21): 143 bajtów
22-04-2026 08:21:23 ; DEBUG ; Przeczytano wiersz stacji (DsPolanPark): 156 bajtów
22-04-2026 08:21:23 ; DEBUG ; Przeczytano wiersz stacji (DsPolanSportMOB): 150 bajtów
22-04-2026 08:21:23 ; DEBUG ; Przeczytano wiersz stacji (DsPolanZdrojMOB): 171 bajtów
22-04-2026 08:21:23 ; DEBUG ; Przeczytano wiersz stacji (DsPolKasztan): 177 bajtów
22-04-2026 08:21:23 ; DEBUG ; Przeczytano wiersz stacji (DsPolkDabr): 149 bajtów
22-04-2026 08:21:23 ; DEBUG ; Przeczytano wiersz stacji (DsPrzerzZdr): 169 bajtów
22-04-2026 08:21:23 ; DEBUG ; Przeczytano wiersz stacji (DsRadomierz): 156 bajtów
22-04-2026 08:21:23 ; DEBUG ; Przeczytano wiersz stacji (DsRudna): 138 bajtów
22-04-2026 08:21:23 ; DEBUG ; Przeczytano wiersz stacji (DsRudnaWit): 158 bajtów
22-04-2026 08:21:23 ; DEBUG ; Przeczytano wiersz stacji (DsSlone): 120 bajtów
22-04-2026 08:21:23 ; DEBUG ; Przeczytano wiersz stacji (DsSnie04): 170 bajtów
22-04-2026 08:21:23 ; DEBUG ; Przeczytano wiersz stacji (DsSniezkaObs): 160 bajtów
22-04-2026 08:21:23 ; DEBUG ; Przeczytano wiersz stacji (DsSobczyce): 148 bajtów
22-04-2026 08:21:23 ; DEBUG ; Przeczytano wiersz stacji (DsSoko08): 129 bajtów
22-04-2026 08:21:23 ; DEBUG ; Przeczytano wiersz stacji (DsSpal06): 129 bajtów
22-04-2026 08:21:23 ; DEBUG ; Przeczytano wiersz stacji (DsSrodaSlMOB): 160 bajtów
22-04-2026 08:21:23 ; DEBUG ; Przeczytano wiersz stacji (DsStrzegomMOB): 133 bajtów
22-04-2026 08:21:23 ; DEBUG ; Przeczytano wiersz stacji (DsStrzMob): 156 bajtów
22-04-2026 08:21:23 ; DEBUG ; Przeczytano wiersz stacji (DsSwidnFolwa): 167 bajtów
22-04-2026 08:21:23 ; DEBUG ; Przeczytano wiersz stacji (DsSwidnMarciMOB): 188 bajtów
22-04-2026 08:21:23 ; DEBUG ; Przeczytano wiersz stacji (DsSwidnRynek): 176 bajtów
22-04-2026 08:21:23 ; DEBUG ; Przeczytano wiersz stacji (DsSwidRynekArch): 147 bajtów
22-04-2026 08:21:23 ; DEBUG ; Przeczytano wiersz stacji (DsSwidWalb): 153 bajtów
22-04-2026 08:21:23 ; DEBUG ; Przeczytano wiersz stacji (DsSzczaKolej): 186 bajtów
22-04-2026 08:21:23 ; DEBUG ; Przeczytano wiersz stacji (DsSzczAzalMob): 165 bajtów
22-04-2026 08:21:23 ; DEBUG ; Przeczytano wiersz stacji (DsSzczKopPM): 194 bajtów
22-04-2026 08:21:23 ; DEBUG ; Przeczytano wiersz stacji (DsSzczMagMob): 168 bajtów
22-04-2026 08:21:23 ; DEBUG ; Przeczytano wiersz stacji (DsSzczOgr): 157 bajtów
22-04-2026 08:21:23 ; DEBUG ; Przeczytano wiersz stacji (DsSzczRat): 166 bajtów
22-04-2026 08:21:23 ; DEBUG ; Przeczytano wiersz stacji (DsSzklarkiMob): 135 bajtów
22-04-2026 08:21:23 ; DEBUG ; Przeczytano wiersz stacji (DsSzkPor1MajMOB): 162 bajtów
22-04-2026 08:21:23 ; DEBUG ; Przeczytano wiersz stacji (DsTarnowek): 149 bajtów
22-04-2026 08:21:23 ; DEBUG ; Przeczytano wiersz stacji (DsTrzebBoch): 142 bajtów
22-04-2026 08:21:23 ; DEBUG ; Przeczytano wiersz stacji (DsTrzebLes): 136 bajtów
22-04-2026 08:21:23 ; DEBUG ; Przeczytano wiersz stacji (DsTrzebMob): 157 bajtów
22-04-2026 08:21:23 ; DEBUG ; Przeczytano wiersz stacji (DsTrzebniMaj): 163 bajtów
22-04-2026 08:21:23 ; DEBUG ; Przeczytano wiersz stacji (DsWalbBator): 149 bajtów
22-04-2026 08:21:23 ; DEBUG ; Przeczytano wiersz stacji (DsWalbGrodz): 148 bajtów
22-04-2026 08:21:23 ; DEBUG ; Przeczytano wiersz stacji (DsWalbJord): 161 bajtów
22-04-2026 08:21:23 ; DEBUG ; Przeczytano wiersz stacji (DsWalbKost): 162 bajtów
22-04-2026 08:21:23 ; DEBUG ; Przeczytano wiersz stacji (DsWalbrzWyso): 175 bajtów
22-04-2026 08:21:23 ; DEBUG ; Przeczytano wiersz stacji (DsWalbWysPArch): 188 bajtów
22-04-2026 08:21:23 ; DEBUG ; Przeczytano wiersz stacji (DsWitk09): 129 bajtów
22-04-2026 08:21:23 ; DEBUG ; Przeczytano wiersz stacji (DsWitka): 139 bajtów
22-04-2026 08:21:23 ; DEBUG ; Przeczytano wiersz stacji (DsWlen03): 132 bajtów
22-04-2026 08:21:23 ; DEBUG ; Przeczytano wiersz stacji (DsWrocAlWisn): 197 bajtów
22-04-2026 08:21:23 ; DEBUG ; Przeczytano wiersz stacji (DsWrocBartni): 170 bajtów
22-04-2026 08:21:23 ; DEBUG ; Przeczytano wiersz stacji (DsWrocGrun): 152 bajtów
22-04-2026 08:21:23 ; DEBUG ; Przeczytano wiersz stacji (DsWrocKorzPMArch): 204 bajtów
22-04-2026 08:21:23 ; DEBUG ; Przeczytano wiersz stacji (DsWrocKrom): 139 bajtów
22-04-2026 08:21:23 ; DEBUG ; Przeczytano wiersz stacji (DsWrocNaGrob): 173 bajtów
22-04-2026 08:21:23 ; DEBUG ; Przeczytano wiersz stacji (DsWrocOlsz): 149 bajtów
22-04-2026 08:21:23 ; DEBUG ; Przeczytano wiersz stacji (DsWrocOpor): 143 bajtów
22-04-2026 08:21:23 ; DEBUG ; Przeczytano wiersz stacji (DsWrocOrzech): 164 bajtów
22-04-2026 08:21:23 ; DEBUG ; Przeczytano wiersz stacji (DsWrocOrzechArch): 180 bajtów
22-04-2026 08:21:23 ; DEBUG ; Przeczytano wiersz stacji (DsWrocPret): 142 bajtów
22-04-2026 08:21:23 ; DEBUG ; Przeczytano wiersz stacji (DsWrocSklad): 145 bajtów
22-04-2026 08:21:23 ; DEBUG ; Przeczytano wiersz stacji (DsWrocTech): 157 bajtów
22-04-2026 08:21:23 ; DEBUG ; Przeczytano wiersz stacji (DsWrocUkr): 143 bajtów
22-04-2026 08:21:23 ; DEBUG ; Przeczytano wiersz stacji (DsWrocWie): 152 bajtów
22-04-2026 08:21:23 ; DEBUG ; Przeczytano wiersz stacji (DsWrocWybCon): 206 bajtów
22-04-2026 08:21:23 ; DEBUG ; Przeczytano wiersz stacji (DsWyszkow): 147 bajtów
22-04-2026 08:21:23 ; DEBUG ; Przeczytano wiersz stacji (DsZabkKlodz): 169 bajtów
22-04-2026 08:21:23 ; DEBUG ; Przeczytano wiersz stacji (DsZabkPowWar): 201 bajtów
22-04-2026 08:21:23 ; DEBUG ; Przeczytano wiersz stacji (DsZameczno): 127 bajtów
22-04-2026 08:21:23 ; DEBUG ; Przeczytano wiersz stacji (DsZgorBohGet): 186 bajtów
22-04-2026 08:21:23 ; DEBUG ; Przeczytano wiersz stacji (DsZgorzMar): 172 bajtów
22-04-2026 08:21:23 ; DEBUG ; Przeczytano wiersz stacji (DsZgorzOrz): 177 bajtów
22-04-2026 08:21:23 ; DEBUG ; Przeczytano wiersz stacji (DsZgorzWar): 147 bajtów
22-04-2026 08:21:23 ; DEBUG ; Przeczytano wiersz stacji (DsZlotKosc): 164 bajtów
22-04-2026 08:21:23 ; DEBUG ; Przeczytano wiersz stacji (DsZlotoryjaPMArch): 190 bajtów
22-04-2026 08:21:23 ; DEBUG ; Przeczytano wiersz stacji (DsZlotoStasz): 198 bajtów
22-04-2026 08:21:23 ; DEBUG ; Przeczytano wiersz stacji (DsZukowice): 129 bajtów
22-04-2026 08:21:23 ; DEBUG ; Przeczytano wiersz stacji (KpAirpKoluda): 153 bajtów
22-04-2026 08:21:23 ; DEBUG ; Przeczytano wiersz stacji (KpBrodKochan): 199 bajtów
22-04-2026 08:21:23 ; DEBUG ; Przeczytano wiersz stacji (KpBrodnZwirki): 161 bajtów
22-04-2026 08:21:23 ; DEBUG ; Przeczytano wiersz stacji (KpBydFieldor): 231 bajtów
22-04-2026 08:21:23 ; DEBUG ; Przeczytano wiersz stacji (KpBydgATRKalisk): 162 bajtów
22-04-2026 08:21:23 ; DEBUG ; Przeczytano wiersz stacji (KpBydgBlota): 157 bajtów
22-04-2026 08:21:23 ; DEBUG ; Przeczytano wiersz stacji (KpBydgChemEC): 165 bajtów
22-04-2026 08:21:23 ; DEBUG ; Przeczytano wiersz stacji (KpBydgCO): 153 bajtów
22-04-2026 08:21:23 ; DEBUG ; Przeczytano wiersz stacji (KpBydgMorska): 151 bajtów
22-04-2026 08:21:23 ; DEBUG ; Przeczytano wiersz stacji (KpBydgUjejskiego): 185 bajtów
22-04-2026 08:21:23 ; DEBUG ; Przeczytano wiersz stacji (KpBydgWPola): 153 bajtów
22-04-2026 08:21:23 ; DEBUG ; Przeczytano wiersz stacji (KpBydgWzgWolnosci): 163 bajtów
22-04-2026 08:21:23 ; DEBUG ; Przeczytano wiersz stacji (KpBydgZachemHutn): 165 bajtów
22-04-2026 08:21:23 ; DEBUG ; Przeczytano wiersz stacji (KpBydgZachemWojska): 169 bajtów
22-04-2026 08:21:23 ; DEBUG ; Przeczytano wiersz stacji (KpBydPlPozna): 186 bajtów
22-04-2026 08:21:23 ; DEBUG ; Przeczytano wiersz stacji (KpBydWarszaw): 183 bajtów
22-04-2026 08:21:23 ; DEBUG ; Przeczytano wiersz stacji (KpChelmLunawMOB): 159 bajtów
22-04-2026 08:21:23 ; DEBUG ; Przeczytano wiersz stacji (KpChelmnLunawska): 160 bajtów
22-04-2026 08:21:23 ; DEBUG ; Przeczytano wiersz stacji (KpCiechTezni): 205 bajtów
22-04-2026 08:21:23 ; DEBUG ; Przeczytano wiersz stacji (KpDAFAleksandrowK): 169 bajtów
22-04-2026 08:21:23 ; DEBUG ; Przeczytano wiersz stacji (KpDAFBrzescK): 153 bajtów
22-04-2026 08:21:23 ; DEBUG ; Przeczytano wiersz stacji (KpDAFChelmza): 158 bajtów
22-04-2026 08:21:23 ; DEBUG ; Przeczytano wiersz stacji (KpDAFChodecz): 145 bajtów
22-04-2026 08:21:23 ; DEBUG ; Przeczytano wiersz stacji (KpDAFDobrzynUM): 149 bajtów
22-04-2026 08:21:23 ; DEBUG ; Przeczytano wiersz stacji (KpDAFGolub): 160 bajtów
22-04-2026 08:21:23 ; DEBUG ; Przeczytano wiersz stacji (KpDAFIzbica): 152 bajtów
22-04-2026 08:21:23 ; DEBUG ; Przeczytano wiersz stacji (KpDAFLasin): 153 bajtów
22-04-2026 08:21:23 ; DEBUG ; Przeczytano wiersz stacji (KpDAFMarusza): 157 bajtów
22-04-2026 08:21:23 ; DEBUG ; Przeczytano wiersz stacji (KpDAFNieszawa): 138 bajtów
22-04-2026 08:21:23 ; DEBUG ; Przeczytano wiersz stacji (KpDAFRadziejowRPGK): 150 bajtów
22-04-2026 08:21:23 ; DEBUG ; Przeczytano wiersz stacji (KpDAFRadzyn): 170 bajtów
22-04-2026 08:21:23 ; DEBUG ; Przeczytano wiersz stacji (KpDAFRypinKOMES): 141 bajtów
22-04-2026 08:21:23 ; DEBUG ; Przeczytano wiersz stacji (KpGrudPilsud): 195 bajtów
22-04-2026 08:21:23 ; DEBUG ; Przeczytano wiersz stacji (KpGrudSienki): 189 bajtów
22-04-2026 08:21:23 ; DEBUG ; Przeczytano wiersz stacji (KpGrudzIkara): 151 bajtów
22-04-2026 08:21:23 ; DEBUG ; Przeczytano wiersz stacji (KpGrudzKosynierow): 180 bajtów
22-04-2026 08:21:23 ; DEBUG ; Przeczytano wiersz stacji (KpInowOsMatwMOB): 189 bajtów
22-04-2026 08:21:23 ; DEBUG ; Przeczytano wiersz stacji (KpInowrKleeberga): 162 bajtów
22-04-2026 08:21:23 ; DEBUG ; Przeczytano wiersz stacji (KpInowrMatewska): 180 bajtów
22-04-2026 08:21:23 ; DEBUG ; Przeczytano wiersz stacji (KpInowrPlacKlaszt): 178 bajtów
22-04-2026 08:21:23 ; DEBUG ; Przeczytano wiersz stacji (KpInowrPoznanska): 184 bajtów
22-04-2026 08:21:23 ; DEBUG ; Przeczytano wiersz stacji (KpInowrSolan): 171 bajtów
22-04-2026 08:21:23 ; DEBUG ; Przeczytano wiersz stacji (KpInowrSolankowa): 174 bajtów
22-04-2026 08:21:23 ; DEBUG ; Przeczytano wiersz stacji (KpInowSolank): 180 bajtów
22-04-2026 08:21:23 ; DEBUG ; Przeczytano wiersz stacji (KpKoniczynka): 202 bajtów
22-04-2026 08:21:23 ; DEBUG ; Przeczytano wiersz stacji (KpKruszwicamob): 143 bajtów
22-04-2026 08:21:23 ; DEBUG ; Przeczytano wiersz stacji (KpKruszynLotnisko): 137 bajtów
22-04-2026 08:21:23 ; DEBUG ; Przeczytano wiersz stacji (KpMogilKosciuszki): 151 bajtów
22-04-2026 08:21:23 ; DEBUG ; Przeczytano wiersz stacji (KpMogiNowMOB): 164 bajtów
22-04-2026 08:21:23 ; DEBUG ; Przeczytano wiersz stacji (KpNakloSkargi): 160 bajtów
22-04-2026 08:21:23 ; DEBUG ; Przeczytano wiersz stacji (KpNaklSkargi): 201 bajtów
22-04-2026 08:21:23 ; DEBUG ; Przeczytano wiersz stacji (KpNaklWawrzy): 211 bajtów
22-04-2026 08:21:23 ; DEBUG ; Przeczytano wiersz stacji (KpNwiesNaftobazy): 182 bajtów
22-04-2026 08:21:23 ; DEBUG ; Przeczytano wiersz stacji (KpPiech): 157 bajtów
22-04-2026 08:21:23 ; DEBUG ; Przeczytano wiersz stacji (KpPrzysRCRRiOW): 144 bajtów
22-04-2026 08:21:23 ; DEBUG ; Przeczytano wiersz stacji (KpSadlog): 158 bajtów
22-04-2026 08:21:23 ; DEBUG ; Przeczytano wiersz stacji (KpSepolno): 161 bajtów
22-04-2026 08:21:23 ; DEBUG ; Przeczytano wiersz stacji (KpSolecRowecMOB): 210 bajtów
22-04-2026 08:21:23 ; DEBUG ; Przeczytano wiersz stacji (KpSwiecGruczno): 168 bajtów
22-04-2026 08:21:23 ; DEBUG ; Przeczytano wiersz stacji (KpSwiecGruczno2): 167 bajtów
22-04-2026 08:21:23 ; DEBUG ; Przeczytano wiersz stacji (KpSwiecJPawlMOB): 159 bajtów
22-04-2026 08:21:23 ; DEBUG ; Przeczytano wiersz stacji (KpSwiecKolejowa): 181 bajtów
22-04-2026 08:21:23 ; DEBUG ; Przeczytano wiersz stacji (KpSwiecPrzechowo): 171 bajtów
22-04-2026 08:21:23 ; DEBUG ; Przeczytano wiersz stacji (KpSwiecSadowa): 152 bajtów
22-04-2026 08:21:23 ; DEBUG ; Przeczytano wiersz stacji (KpToruDziewu): 182 bajtów
22-04-2026 08:21:23 ; DEBUG ; Przeczytano wiersz stacji (KpToruKaszow): 193 bajtów
22-04-2026 08:21:23 ; DEBUG ; Przeczytano wiersz stacji (KpTorunGagarina): 153 bajtów
22-04-2026 08:21:23 ; DEBUG ; Przeczytano wiersz stacji (KpTorunKonstytucji): 169 bajtów
22-04-2026 08:21:23 ; DEBUG ; Przeczytano wiersz stacji (KpTorunKopernika): 158 bajtów
22-04-2026 08:21:23 ; DEBUG ; Przeczytano wiersz stacji (KpTorunLotnisko): 168 bajtów
22-04-2026 08:21:23 ; DEBUG ; Przeczytano wiersz stacji (KpTorunOPSIS): 153 bajtów
22-04-2026 08:21:23 ; DEBUG ; Przeczytano wiersz stacji (KpTorunPoznanska): 158 bajtów
22-04-2026 08:21:23 ; DEBUG ; Przeczytano wiersz stacji (KpTorunSzpMiejski): 157 bajtów
22-04-2026 08:21:23 ; DEBUG ; Przeczytano wiersz stacji (KpToruStorczMOB): 176 bajtów
22-04-2026 08:21:23 ; DEBUG ; Przeczytano wiersz stacji (KpToruWSikor): 196 bajtów
22-04-2026 08:21:23 ; DEBUG ; Przeczytano wiersz stacji (KpTuchPiast): 167 bajtów
22-04-2026 08:21:23 ; DEBUG ; Przeczytano wiersz stacji (KpTuchPiastowska): 154 bajtów
22-04-2026 08:21:23 ; DEBUG ; Przeczytano wiersz stacji (KpWabrzMuzeum): 157 bajtów
22-04-2026 08:21:23 ; DEBUG ; Przeczytano wiersz stacji (KpWabrzstmob): 163 bajtów
22-04-2026 08:21:23 ; DEBUG ; Przeczytano wiersz stacji (KpWieniecZdrMOB): 180 bajtów
22-04-2026 08:21:23 ; DEBUG ; Przeczytano wiersz stacji (KpWieniZdroj): 180 bajtów
22-04-2026 08:21:23 ; DEBUG ; Przeczytano wiersz stacji (KpWienSanatorium): 192 bajtów
22-04-2026 08:21:23 ; DEBUG ; Przeczytano wiersz stacji (KpWiktorowoG): 193 bajtów
22-04-2026 08:21:23 ; DEBUG ; Przeczytano wiersz stacji (KpWloclChelmMOB): 176 bajtów
22-04-2026 08:21:23 ; DEBUG ; Przeczytano wiersz stacji (KpWloclGnia2): 197 bajtów
22-04-2026 08:21:23 ; DEBUG ; Przeczytano wiersz stacji (KpWloclGniaz): 186 bajtów
22-04-2026 08:21:23 ; DEBUG ; Przeczytano wiersz stacji (KpWloclKalis): 168 bajtów
22-04-2026 08:21:23 ; DEBUG ; Przeczytano wiersz stacji (KpWloclKilinskiego): 174 bajtów
22-04-2026 08:21:23 ; DEBUG ; Przeczytano wiersz stacji (KpWloclLady): 153 bajtów
22-04-2026 08:21:23 ; DEBUG ; Przeczytano wiersz stacji (KpWloclMalinowa): 162 bajtów
22-04-2026 08:21:23 ; DEBUG ; Przeczytano wiersz stacji (KpWloclOkrze): 182 bajtów
22-04-2026 08:21:23 ; DEBUG ; Przeczytano wiersz stacji (KpWloclOpsis): 146 bajtów
22-04-2026 08:21:23 ; DEBUG ; Przeczytano wiersz stacji (KpWloclPlocka): 159 bajtów
22-04-2026 08:21:23 ; DEBUG ; Przeczytano wiersz stacji (KpWloclSiels): 197 bajtów
22-04-2026 08:21:23 ; DEBUG ; Przeczytano wiersz stacji (KpWloclWSHE): 153 bajtów
22-04-2026 08:21:23 ; DEBUG ; Przeczytano wiersz stacji (KpWlocZytnia): 166 bajtów
22-04-2026 08:21:23 ; DEBUG ; Przeczytano wiersz stacji (KpWolice): 154 bajtów
22-04-2026 08:21:23 ; DEBUG ; Przeczytano wiersz stacji (KpZielBoryTu): 182 bajtów
22-04-2026 08:21:23 ; DEBUG ; Przeczytano wiersz stacji (KpZninBrowarowa): 141 bajtów
22-04-2026 08:21:23 ; DEBUG ; Przeczytano wiersz stacji (KpZninPotock): 178 bajtów
22-04-2026 08:21:23 ; DEBUG ; Przeczytano wiersz stacji (LbBialaPKopernika): 159 bajtów
22-04-2026 08:21:23 ; DEBUG ; Przeczytano wiersz stacji (LbBialaPPl.TrzechKrzyzy): 191 bajtów
22-04-2026 08:21:23 ; DEBUG ; Przeczytano wiersz stacji (LbBialySlupRPN): 126 bajtów
22-04-2026 08:21:23 ; DEBUG ; Przeczytano wiersz stacji (LbBiaPodOrze): 182 bajtów
22-04-2026 08:21:23 ; DEBUG ; Przeczytano wiersz stacji (LbBiaSlupRPN): 170 bajtów
22-04-2026 08:21:23 ; DEBUG ; Przeczytano wiersz stacji (LbBilgorajWSSE): 160 bajtów
22-04-2026 08:21:23 ; DEBUG ; Przeczytano wiersz stacji (LbChelJagiel): 189 bajtów
22-04-2026 08:21:23 ; DEBUG ; Przeczytano wiersz stacji (LbChelmPolan): 162 bajtów
22-04-2026 08:21:23 ; DEBUG ; Przeczytano wiersz stacji (LbChelmPolWSSE): 151 bajtów
22-04-2026 08:21:23 ; DEBUG ; Przeczytano wiersz stacji (LbChelmSzpWSSE): 147 bajtów
22-04-2026 08:21:23 ; DEBUG ; Przeczytano wiersz stacji (LbDorohWIOS): 135 bajtów
22-04-2026 08:21:23 ; DEBUG ; Przeczytano wiersz stacji (LbFlorianRPN): 134 bajtów
22-04-2026 08:21:23 ; DEBUG ; Przeczytano wiersz stacji (LbHrubieszowWIOS): 155 bajtów
22-04-2026 08:21:23 ; DEBUG ; Przeczytano wiersz stacji (LbHrubieszowWSSE): 151 bajtów
22-04-2026 08:21:23 ; DEBUG ; Przeczytano wiersz stacji (LbJanowLubOkMOB): 158 bajtów
22-04-2026 08:21:23 ; DEBUG ; Przeczytano wiersz stacji (LbJarczWolaM): 140 bajtów
22-04-2026 08:21:23 ; DEBUG ; Przeczytano wiersz stacji (LbKra-awWSSE): 157 bajtów
22-04-2026 08:21:23 ; DEBUG ; Przeczytano wiersz stacji (LbKrasKoszar): 181 bajtów
22-04-2026 08:21:23 ; DEBUG ; Przeczytano wiersz stacji (LbKrasnikSpoldziel): 164 bajtów
22-04-2026 08:21:23 ; DEBUG ; Przeczytano wiersz stacji (LbKrasnobrod): 185 bajtów
22-04-2026 08:21:23 ; DEBUG ; Przeczytano wiersz stacji (LbKrasnobrodWSSELel): 154 bajtów
22-04-2026 08:21:23 ; DEBUG ; Przeczytano wiersz stacji (LbLeczna1000Lecia): 170 bajtów
22-04-2026 08:21:23 ; DEBUG ; Przeczytano wiersz stacji (LbLublin_Chmielna): 141 bajtów
22-04-2026 08:21:23 ; DEBUG ; Przeczytano wiersz stacji (LbLublin_Krasn): 165 bajtów
22-04-2026 08:21:23 ; DEBUG ; Przeczytano wiersz stacji (LbLublinMaszynowa): 149 bajtów
22-04-2026 08:21:23 ; DEBUG ; Przeczytano wiersz stacji (LbLublinNadrzecz): 144 bajtów
22-04-2026 08:21:23 ; DEBUG ; Przeczytano wiersz stacji (LbLublinObywat_13): 157 bajtów
22-04-2026 08:21:23 ; DEBUG ; Przeczytano wiersz stacji (LbLublinOgrod): 160 bajtów
22-04-2026 08:21:23 ; DEBUG ; Przeczytano wiersz stacji (LbLublinPiel): 166 bajtów
22-04-2026 08:21:23 ; DEBUG ; Przeczytano wiersz stacji (LbLublinSpokojna): 163 bajtów
22-04-2026 08:21:23 ; DEBUG ; Przeczytano wiersz stacji (LbLubObywate): 166 bajtów
22-04-2026 08:21:23 ; DEBUG ; Przeczytano wiersz stacji (LbLubSliwins): 177 bajtów
22-04-2026 08:21:23 ; DEBUG ; Przeczytano wiersz stacji (LbLukBulNiepMOB): 202 bajtów
22-04-2026 08:21:23 ; DEBUG ; Przeczytano wiersz stacji (LbLukowBrowarna): 164 bajtów
22-04-2026 08:21:23 ; DEBUG ; Przeczytano wiersz stacji (LbLukowSpoldzielcza): 163 bajtów
22-04-2026 08:21:23 ; DEBUG ; Przeczytano wiersz stacji (LbMiedzPModrzewiowa): 173 bajtów
22-04-2026 08:21:23 ; DEBUG ; Przeczytano wiersz stacji (LBMiedzPStaromiejska): 180 bajtów
22-04-2026 08:21:23 ; DEBUG ; Przeczytano wiersz stacji (LbNaleczAlMa): 202 bajtów
22-04-2026 08:21:23 ; DEBUG ; Przeczytano wiersz stacji (LbNaleczowKasztan): 161 bajtów
22-04-2026 08:21:23 ; DEBUG ; Przeczytano wiersz stacji (LbPulaKarpin): 181 bajtów
22-04-2026 08:21:23 ; DEBUG ; Przeczytano wiersz stacji (LbPulaSkowie): 200 bajtów
22-04-2026 08:21:23 ; DEBUG ; Przeczytano wiersz stacji (LbPulawyLubelska): 148 bajtów
22-04-2026 08:21:23 ; DEBUG ; Przeczytano wiersz stacji (LbRadzPodSit): 200 bajtów
22-04-2026 08:21:23 ; DEBUG ; Przeczytano wiersz stacji (LbRadzyPPocztowa): 159 bajtów
22-04-2026 08:21:23 ; DEBUG ; Przeczytano wiersz stacji (LbRejowiecFabrWIOS): 176 bajtów
22-04-2026 08:21:23 ; DEBUG ; Przeczytano wiersz stacji (LbSwidnikWPolskiego): 170 bajtów
22-04-2026 08:21:23 ; DEBUG ; Przeczytano wiersz stacji (LbSwidnikWyszyns): 154 bajtów
22-04-2026 08:21:23 ; DEBUG ; Przeczytano wiersz stacji (LbSzczebPartyzantow): 155 bajtów
22-04-2026 08:21:23 ; DEBUG ; Przeczytano wiersz stacji (LbTomaszowLubWIOS): 187 bajtów
22-04-2026 08:21:23 ; DEBUG ; Przeczytano wiersz stacji (LbTomaszowLubWSSE): 173 bajtów
22-04-2026 08:21:23 ; DEBUG ; Przeczytano wiersz stacji (LbWilczopole): 117 bajtów
22-04-2026 08:21:23 ; DEBUG ; Przeczytano wiersz stacji (LbWlodawWSSE): 156 bajtów
22-04-2026 08:21:23 ; DEBUG ; Przeczytano wiersz stacji (LbZamoHrubie): 183 bajtów
22-04-2026 08:21:23 ; DEBUG ; Przeczytano wiersz stacji (LbZamoscWSSE): 154 bajtów
22-04-2026 08:21:23 ; DEBUG ; Przeczytano wiersz stacji (LdAlekslWSSEMSklodow): 177 bajtów
22-04-2026 08:21:23 ; DEBUG ; Przeczytano wiersz stacji (LdBelchaWSSEMOkrzei): 157 bajtów
22-04-2026 08:21:23 ; DEBUG ; Przeczytano wiersz stacji (LdBelchEdwar): 179 bajtów
22-04-2026 08:21:23 ; DEBUG ; Przeczytano wiersz stacji (LdBrzeReform): 180 bajtów
22-04-2026 08:21:23 ; DEBUG ; Przeczytano wiersz stacji (LdBrzeziWSSEMReforma): 137 bajtów
22-04-2026 08:21:23 ; DEBUG ; Przeczytano wiersz stacji (LdGajewUjWod): 164 bajtów
22-04-2026 08:21:23 ; DEBUG ; Przeczytano wiersz stacji (LdKutn1Maja7MOB): 128 bajtów
22-04-2026 08:21:23 ; DEBUG ; Przeczytano wiersz stacji (LdKutnKosciu): 186 bajtów
22-04-2026 08:21:23 ; DEBUG ; Przeczytano wiersz stacji (LdKutnoWIOSMWilcza): 139 bajtów
22-04-2026 08:21:23 ; DEBUG ; Przeczytano wiersz stacji (LdKutnoWSSEMGrunwal): 150 bajtów
22-04-2026 08:21:23 ; DEBUG ; Przeczytano wiersz stacji (LdLaskNarutoMOB): 139 bajtów
22-04-2026 08:21:23 ; DEBUG ; Przeczytano wiersz stacji (LdLaskWSSEMWarszaw): 144 bajtów
22-04-2026 08:21:23 ; DEBUG ; Przeczytano wiersz stacji (LdLodzCzerni): 169 bajtów
22-04-2026 08:21:23 ; DEBUG ; Przeczytano wiersz stacji (LdLodzGdansk): 168 bajtów
22-04-2026 08:21:23 ; DEBUG ; Przeczytano wiersz stacji (LdLodzJanPaw): 171 bajtów
22-04-2026 08:21:23 ; DEBUG ; Przeczytano wiersz stacji (LdLodzKilins): 205 bajtów
22-04-2026 08:21:23 ; DEBUG ; Przeczytano wiersz stacji (LdLodzLegion): 174 bajtów
22-04-2026 08:21:23 ; DEBUG ; Przeczytano wiersz stacji (LdLodzRudzka): 178 bajtów
22-04-2026 08:21:23 ; DEBUG ; Przeczytano wiersz stacji (LdLodzWIOSARubinst): 156 bajtów
22-04-2026 08:21:23 ; DEBUG ; Przeczytano wiersz stacji (LdLodzWSSEMAstrona): 155 bajtów
22-04-2026 08:21:23 ; DEBUG ; Przeczytano wiersz stacji (LdLodzWSSEMDeczyns): 157 bajtów
22-04-2026 08:21:23 ; DEBUG ; Przeczytano wiersz stacji (LdLodzWSSEMPrzybys): 165 bajtów
22-04-2026 08:21:23 ; DEBUG ; Przeczytano wiersz stacji (LdLodzWSSEMRokicin): 150 bajtów
22-04-2026 08:21:23 ; DEBUG ; Przeczytano wiersz stacji (LdLodzWSSEMWici3): 137 bajtów
22-04-2026 08:21:23 ; DEBUG ; Przeczytano wiersz stacji (LdLodzWSSEMWilensk): 151 bajtów
22-04-2026 08:21:23 ; DEBUG ; Przeczytano wiersz stacji (LdLodzWSSEMWodna40): 148 bajtów
22-04-2026 08:21:23 ; DEBUG ; Przeczytano wiersz stacji (LdLodzWSSEMZachodn): 151 bajtów
22-04-2026 08:21:23 ; DEBUG ; Przeczytano wiersz stacji (LdLodzZachod): 187 bajtów
22-04-2026 08:21:23 ; DEBUG ; Przeczytano wiersz stacji (LdLowiczSien): 183 bajtów
22-04-2026 08:21:23 ; DEBUG ; Przeczytano wiersz stacji (LdLowiczWSSEMSwFlori): 158 bajtów
22-04-2026 08:21:23 ; DEBUG ; Przeczytano wiersz stacji (LdOpocPlKosc): 192 bajtów
22-04-2026 08:21:23 ; DEBUG ; Przeczytano wiersz stacji (LdOpocSkCuri): 189 bajtów
22-04-2026 08:21:23 ; DEBUG ; Przeczytano wiersz stacji (LdOpocznWSSEMPlKosci): 155 bajtów
22-04-2026 08:21:23 ; DEBUG ; Przeczytano wiersz stacji (LdOzorkoWSSEMWigury1): 148 bajtów
22-04-2026 08:21:23 ; DEBUG ; Przeczytano wiersz stacji (LdPabianWSSEMNowa): 142 bajtów
22-04-2026 08:21:23 ; DEBUG ; Przeczytano wiersz stacji (LdPabiKilins): 167 bajtów
22-04-2026 08:21:23 ; DEBUG ; Przeczytano wiersz stacji (LdPabiKonsta): 193 bajtów
22-04-2026 08:21:23 ; DEBUG ; Przeczytano wiersz stacji (LdPajeczWSSEMZeromsk): 160 bajtów
22-04-2026 08:21:23 ; DEBUG ; Przeczytano wiersz stacji (LdParzniUjWo): 179 bajtów
22-04-2026 08:21:23 ; DEBUG ; Przeczytano wiersz stacji (LdPiotrkMZGKMkarolin): 199 bajtów
22-04-2026 08:21:23 ; DEBUG ; Przeczytano wiersz stacji (LdPioTrKraPr): 230 bajtów
22-04-2026 08:21:23 ; DEBUG ; Przeczytano wiersz stacji (LdPiotrkWIOSABelzack): 166 bajtów
22-04-2026 08:21:23 ; DEBUG ; Przeczytano wiersz stacji (LdPiotrkWSSEM3goMaja): 168 bajtów
22-04-2026 08:21:23 ; DEBUG ; Przeczytano wiersz stacji (LdPioTrSienk): 193 bajtów
22-04-2026 08:21:23 ; DEBUG ; Przeczytano wiersz stacji (LdRadomsFAMEGMGlinia): 160 bajtów
22-04-2026 08:21:23 ; DEBUG ; Przeczytano wiersz stacji (LdRadomsFAMEGMGolebi): 149 bajtów
22-04-2026 08:21:23 ; DEBUG ; Przeczytano wiersz stacji (LdRadomsMETALMPrzedb): 161 bajtów
22-04-2026 08:21:23 ; DEBUG ; Przeczytano wiersz stacji (LdRadomsRoln): 164 bajtów
22-04-2026 08:21:23 ; DEBUG ; Przeczytano wiersz stacji (LdRadomsSoko): 173 bajtów
22-04-2026 08:21:23 ; DEBUG ; Przeczytano wiersz stacji (LdRadomsWSSEMKomunyP): 166 bajtów
22-04-2026 08:21:23 ; DEBUG ; Przeczytano wiersz stacji (LdRadomsWSSEMZeromsk): 176 bajtów
22-04-2026 08:21:23 ; DEBUG ; Przeczytano wiersz stacji (LdRawaMaWIOSMKoscius): 172 bajtów
22-04-2026 08:21:23 ; DEBUG ; Przeczytano wiersz stacji (LdRawaNiepod): 197 bajtów
22-04-2026 08:21:23 ; DEBUG ; Przeczytano wiersz stacji (LdSieradWIOSMKoscius): 164 bajtów
22-04-2026 08:21:23 ; DEBUG ; Przeczytano wiersz stacji (LdSieradWSSEMArmiiKr): 153 bajtów
22-04-2026 08:21:23 ; DEBUG ; Przeczytano wiersz stacji (LdSieradWSSEMPOW52): 148 bajtów
22-04-2026 08:21:23 ; DEBUG ; Przeczytano wiersz stacji (LdSieraPolna): 152 bajtów
22-04-2026 08:21:23 ; DEBUG ; Przeczytano wiersz stacji (LdSierGrunwa): 189 bajtów
22-04-2026 08:21:23 ; DEBUG ; Przeczytano wiersz stacji (LdSkierKonop): 198 bajtów
22-04-2026 08:21:23 ; DEBUG ; Przeczytano wiersz stacji (LdSkiernWIOSMJagiell): 172 bajtów
22-04-2026 08:21:23 ; DEBUG ; Przeczytano wiersz stacji (LdSkiernWIOSMWitaStw): 171 bajtów
22-04-2026 08:21:23 ; DEBUG ; Przeczytano wiersz stacji (LdSkiernWSSEMKoperni): 161 bajtów
22-04-2026 08:21:23 ; DEBUG ; Przeczytano wiersz stacji (LdSkiernWSSEMReymont): 162 bajtów
22-04-2026 08:21:23 ; DEBUG ; Przeczytano wiersz stacji (LdSkiernWSSEMWankowi): 160 bajtów
22-04-2026 08:21:23 ; DEBUG ; Przeczytano wiersz stacji (LdToMaSwAnto): 215 bajtów
22-04-2026 08:21:23 ; DEBUG ; Przeczytano wiersz stacji (LdTomaszWSSEMSw.Anto): 195 bajtów
22-04-2026 08:21:23 ; DEBUG ; Przeczytano wiersz stacji (LdUniejZamko): 169 bajtów
22-04-2026 08:21:23 ; DEBUG ; Przeczytano wiersz stacji (LdWielunPOW1): 175 bajtów
22-04-2026 08:21:23 ; DEBUG ; Przeczytano wiersz stacji (LdWielunWSSEMPOW14): 139 bajtów
22-04-2026 08:21:23 ; DEBUG ; Przeczytano wiersz stacji (LdWielunWSSEMWojskaP): 144 bajtów
22-04-2026 08:21:23 ; DEBUG ; Przeczytano wiersz stacji (LdZduWoKrole): 191 bajtów
22-04-2026 08:21:23 ; DEBUG ; Przeczytano wiersz stacji (LdZdWolaWSSEMDabrows): 170 bajtów
22-04-2026 08:21:23 ; DEBUG ; Przeczytano wiersz stacji (LdZdWolaWSSEMPlWolno): 164 bajtów
22-04-2026 08:21:23 ; DEBUG ; Przeczytano wiersz stacji (LdZdWolaWSSEMSzadkow): 157 bajtów
22-04-2026 08:21:23 ; DEBUG ; Przeczytano wiersz stacji (LdZgieMielcz): 179 bajtów
22-04-2026 08:21:23 ; DEBUG ; Przeczytano wiersz stacji (LdZgierzWSSEMDabrows): 153 bajtów
22-04-2026 08:21:23 ; DEBUG ; Przeczytano wiersz stacji (LdZgierzWSSEMStRynek): 159 bajtów
22-04-2026 08:21:23 ; DEBUG ; Przeczytano wiersz stacji (LdZloczeWSSEMWieluns): 154 bajtów
22-04-2026 08:21:23 ; DEBUG ; Przeczytano wiersz stacji (LuDrezdeWSSE): 143 bajtów
22-04-2026 08:21:23 ; DEBUG ; Przeczytano wiersz stacji (LuGorzKosGdy): 208 bajtów
22-04-2026 08:21:23 ; DEBUG ; Przeczytano wiersz stacji (LuGorzowWSSE_1): 172 bajtów
22-04-2026 08:21:23 ; DEBUG ; Przeczytano wiersz stacji (LuGorzowWSSE_5): 169 bajtów
22-04-2026 08:21:23 ; DEBUG ; Przeczytano wiersz stacji (LuGorzowWSSE_6): 175 bajtów
22-04-2026 08:21:23 ; DEBUG ; Przeczytano wiersz stacji (LuGorzPilsud): 195 bajtów
22-04-2026 08:21:23 ; DEBUG ; Przeczytano wiersz stacji (LuGubinAnderMOB): 168 bajtów
22-04-2026 08:21:23 ; DEBUG ; Przeczytano wiersz stacji (LuMiedzyrMOB): 187 bajtów
22-04-2026 08:21:23 ; DEBUG ; Przeczytano wiersz stacji (LuMiedzyWSSE): 147 bajtów
22-04-2026 08:21:23 ; DEBUG ; Przeczytano wiersz stacji (LuNowaSolKos): 138 bajtów
22-04-2026 08:21:23 ; DEBUG ; Przeczytano wiersz stacji (LuNowaSolMOB): 155 bajtów
22-04-2026 08:21:23 ; DEBUG ; Przeczytano wiersz stacji (LuNowasoWSSE): 150 bajtów
22-04-2026 08:21:23 ; DEBUG ; Przeczytano wiersz stacji (LuSlubWIOS_AUT): 166 bajtów
22-04-2026 08:21:23 ; DEBUG ; Przeczytano wiersz stacji (LuSlubWSSE): 140 bajtów
22-04-2026 08:21:23 ; DEBUG ; Przeczytano wiersz stacji (LuSmolBytnic): 181 bajtów
22-04-2026 08:21:23 ; DEBUG ; Przeczytano wiersz stacji (LuSulecDudka): 156 bajtów
22-04-2026 08:21:23 ; DEBUG ; Przeczytano wiersz stacji (LuSuleciWSSE): 139 bajtów
22-04-2026 08:21:23 ; DEBUG ; Przeczytano wiersz stacji (LuSwiebodMOB): 168 bajtów
22-04-2026 08:21:23 ; DEBUG ; Przeczytano wiersz stacji (LuSwieboWIOS_MOB): 164 bajtów
22-04-2026 08:21:23 ; DEBUG ; Przeczytano wiersz stacji (LuSwieboWSSE): 144 bajtów
22-04-2026 08:21:23 ; DEBUG ; Przeczytano wiersz stacji (LuWsKaziWiel): 185 bajtów
22-04-2026 08:21:23 ; DEBUG ; Przeczytano wiersz stacji (LuZaganKochaMOB): 157 bajtów
22-04-2026 08:21:23 ; DEBUG ; Przeczytano wiersz stacji (LuZaganWSSE): 141 bajtów
22-04-2026 08:21:23 ; DEBUG ; Przeczytano wiersz stacji (LuZarySzyman): 170 bajtów
22-04-2026 08:21:23 ; DEBUG ; Przeczytano wiersz stacji (LuZaryWIOS_MAN): 151 bajtów
22-04-2026 08:21:23 ; DEBUG ; Przeczytano wiersz stacji (LuZaryWIOS_MOB): 135 bajtów
22-04-2026 08:21:23 ; DEBUG ; Przeczytano wiersz stacji (LuZaryWSSE): 139 bajtów
22-04-2026 08:21:23 ; DEBUG ; Przeczytano wiersz stacji (LuZaryWSSE_2): 141 bajtów
22-04-2026 08:21:23 ; DEBUG ; Przeczytano wiersz stacji (LuZgoraWSSE_1): 158 bajtów
22-04-2026 08:21:23 ; DEBUG ; Przeczytano wiersz stacji (LuZielKrotka): 170 bajtów
22-04-2026 08:21:23 ; DEBUG ; Przeczytano wiersz stacji (LuZielWyszyn): 171 bajtów
22-04-2026 08:21:23 ; DEBUG ; Przeczytano wiersz stacji (MpAndrycWSSEKrak1801): 153 bajtów
22-04-2026 08:21:23 ; DEBUG ; Przeczytano wiersz stacji (MpBochKonfed): 203 bajtów
22-04-2026 08:21:23 ; DEBUG ; Przeczytano wiersz stacji (MpBochniWSSEKazi0104): 179 bajtów
22-04-2026 08:21:23 ; DEBUG ; Przeczytano wiersz stacji (MpBochniWSSEKons0105): 179 bajtów
22-04-2026 08:21:23 ; DEBUG ; Przeczytano wiersz stacji (MpBochniWSSESoln0102): 138 bajtów
22-04-2026 08:21:23 ; DEBUG ; Przeczytano wiersz stacji (MpBrzeskWIOSWiej0202): 150 bajtów
22-04-2026 08:21:23 ; DEBUG ; Przeczytano wiersz stacji (MpBrzeskWSSEGlow0201): 160 bajtów
22-04-2026 08:21:23 ; DEBUG ; Przeczytano wiersz stacji (MpBrzeszKosc): 168 bajtów
22-04-2026 08:21:23 ; DEBUG ; Przeczytano wiersz stacji (MpBukowKolejMOB): 167 bajtów
22-04-2026 08:21:23 ; DEBUG ; Przeczytano wiersz stacji (MpChrzanWSSEGrzy0301): 165 bajtów
22-04-2026 08:21:23 ; DEBUG ; Przeczytano wiersz stacji (MpChrzaPlTysMOB): 159 bajtów
22-04-2026 08:21:23 ; DEBUG ; Przeczytano wiersz stacji (MpDabrowWIOSZare0401): 171 bajtów
22-04-2026 08:21:23 ; DEBUG ; Przeczytano wiersz stacji (MpDobczSzkolMOB): 147 bajtów
22-04-2026 08:21:23 ; DEBUG ; Przeczytano wiersz stacji (MpDobrowWSSEPils0401): 177 bajtów
22-04-2026 08:21:23 ; DEBUG ; Przeczytano wiersz stacji (MpGorlicWSSELegi0501): 154 bajtów
22-04-2026 08:21:23 ; DEBUG ; Przeczytano wiersz stacji (MpGorlKrasin): 185 bajtów
22-04-2026 08:21:23 ; DEBUG ; Przeczytano wiersz stacji (MpKalZebRyneMOB): 161 bajtów
22-04-2026 08:21:23 ; DEBUG ; Przeczytano wiersz stacji (MpKaszowLisz): 135 bajtów
22-04-2026 08:21:23 ; DEBUG ; Przeczytano wiersz stacji (MpKetyWyspiaMOB): 173 bajtów
22-04-2026 08:21:23 ; DEBUG ; Przeczytano wiersz stacji (MpKrakAlKras): 191 bajtów
22-04-2026 08:21:23 ; DEBUG ; Przeczytano wiersz stacji (MpKrakBujaka): 166 bajtów
22-04-2026 08:21:23 ; DEBUG ; Przeczytano wiersz stacji (MpKrakBulwar): 180 bajtów
22-04-2026 08:21:23 ; DEBUG ; Przeczytano wiersz stacji (MpKrakDietla): 165 bajtów
22-04-2026 08:21:23 ; DEBUG ; Przeczytano wiersz stacji (MpKrakOsPias): 155 bajtów
22-04-2026 08:21:23 ; DEBUG ; Przeczytano wiersz stacji (MpKrakowWIOSPrad6115): 190 bajtów
22-04-2026 08:21:23 ; DEBUG ; Przeczytano wiersz stacji (MpKrakowWSSEKapi6108): 178 bajtów
22-04-2026 08:21:23 ; DEBUG ; Przeczytano wiersz stacji (MpKrakowWSSEPrad6102): 150 bajtów
22-04-2026 08:21:23 ; DEBUG ; Przeczytano wiersz stacji (MpKrakowWSSERPod6113): 158 bajtów
22-04-2026 08:21:23 ; DEBUG ; Przeczytano wiersz stacji (MpKrakSwoszo): 158 bajtów
22-04-2026 08:21:23 ; DEBUG ; Przeczytano wiersz stacji (MpKrakTelime): 167 bajtów
22-04-2026 08:21:23 ; DEBUG ; Przeczytano wiersz stacji (MpKrakWadow): 149 bajtów
22-04-2026 08:21:23 ; DEBUG ; Przeczytano wiersz stacji (MpKrakZloRog): 157 bajtów
22-04-2026 08:21:23 ; DEBUG ; Przeczytano wiersz stacji (MpKrynicDiet): 163 bajtów
22-04-2026 08:21:23 ; DEBUG ; Przeczytano wiersz stacji (MpKrynicWIOSNowo1008): 164 bajtów
22-04-2026 08:21:23 ; DEBUG ; Przeczytano wiersz stacji (MpKrynicWIOSPark1009): 169 bajtów
22-04-2026 08:21:23 ; DEBUG ; Przeczytano wiersz stacji (MpKrynicWSSENowo1002): 150 bajtów
22-04-2026 08:21:23 ; DEBUG ; Przeczytano wiersz stacji (MpKrzeszWIOSKulc0605): 161 bajtów
22-04-2026 08:21:23 ; DEBUG ; Przeczytano wiersz stacji (MpLimanoBoleMOB): 186 bajtów
22-04-2026 08:21:23 ; DEBUG ; Przeczytano wiersz stacji (MpMaPodhWIOSKosc1508): 183 bajtów
22-04-2026 08:21:23 ; DEBUG ; Przeczytano wiersz stacji (MpMiechoWIOSKono0802): 162 bajtów
22-04-2026 08:21:23 ; DEBUG ; Przeczytano wiersz stacji (MpMiechoWIOSKsSk0801): 164 bajtów
22-04-2026 08:21:23 ; DEBUG ; Przeczytano wiersz stacji (MpMszanaDoln): 149 bajtów
22-04-2026 08:21:23 ; DEBUG ; Przeczytano wiersz stacji (MpMuszynKity): 161 bajtów
22-04-2026 08:21:23 ; DEBUG ; Przeczytano wiersz stacji (MpMuszynKityMOB): 139 bajtów
22-04-2026 08:21:23 ; DEBUG ; Przeczytano wiersz stacji (MpMuszynLodoMOB): 134 bajtów
22-04-2026 08:21:23 ; DEBUG ; Przeczytano wiersz stacji (MpMuszynWSSERyne1001): 164 bajtów
22-04-2026 08:21:23 ; DEBUG ; Przeczytano wiersz stacji (MpMuszynZloc): 143 bajtów
22-04-2026 08:21:23 ; DEBUG ; Przeczytano wiersz stacji (MpMyslenSoli): 150 bajtów
22-04-2026 08:21:23 ; DEBUG ; Przeczytano wiersz stacji (MpMyslenWIOSKazi0901): 167 bajtów
22-04-2026 08:21:23 ; DEBUG ; Przeczytano wiersz stacji (MpMyslenWIOSKosc0902): 157 bajtów
22-04-2026 08:21:23 ; DEBUG ; Przeczytano wiersz stacji (MpMyslenWIOSRyne0905): 148 bajtów
22-04-2026 08:21:23 ; DEBUG ; Przeczytano wiersz stacji (MpMyslenWIOSRyne0906): 163 bajtów
22-04-2026 08:21:23 ; DEBUG ; Przeczytano wiersz stacji (MpMysleRynekMOB): 159 bajtów
22-04-2026 08:21:23 ; DEBUG ; Przeczytano wiersz stacji (MpNiepo3Maja): 181 bajtów
22-04-2026 08:21:23 ; DEBUG ; Przeczytano wiersz stacji (MpNiepolWIOSRyne1907): 142 bajtów
22-04-2026 08:21:23 ; DEBUG ; Przeczytano wiersz stacji (MpNoSaczNadb): 181 bajtów
22-04-2026 08:21:23 ; DEBUG ; Przeczytano wiersz stacji (MpNoSaczWSSENawo17a): 159 bajtów
22-04-2026 08:21:23 ; DEBUG ; Przeczytano wiersz stacji (MpNoTargAlTy): 162 bajtów
22-04-2026 08:21:23 ; DEBUG ; Przeczytano wiersz stacji (MpNoTargPSlo): 174 bajtów
22-04-2026 08:21:23 ; DEBUG ; Przeczytano wiersz stacji (MpNoTargWSSESzaf1102): 159 bajtów
22-04-2026 08:21:23 ; DEBUG ; Przeczytano wiersz stacji (MpNowyTaWIOSPows1114): 164 bajtów
22-04-2026 08:21:23 ; DEBUG ; Przeczytano wiersz stacji (MpNSaczWIOSPija6204): 169 bajtów
22-04-2026 08:21:23 ; DEBUG ; Przeczytano wiersz stacji (MpNSaczWSSETarn6202): 162 bajtów
22-04-2026 08:21:23 ; DEBUG ; Przeczytano wiersz stacji (MpOlkuCegiel): 159 bajtów
22-04-2026 08:21:23 ; DEBUG ; Przeczytano wiersz stacji (MpOlkuFrNull): 192 bajtów
22-04-2026 08:21:23 ; DEBUG ; Przeczytano wiersz stacji (MpOswiecBema): 154 bajtów
22-04-2026 08:21:23 ; DEBUG ; Przeczytano wiersz stacji (MpOswiecWIOSSnia1302): 168 bajtów
22-04-2026 08:21:23 ; DEBUG ; Przeczytano wiersz stacji (MpOswiecWIOSSnia1304): 150 bajtów
22-04-2026 08:21:23 ; DEBUG ; Przeczytano wiersz stacji (MpOswiecWSSEWiez1301): 189 bajtów
22-04-2026 08:21:23 ; DEBUG ; Przeczytano wiersz stacji (MpPiwnicWSSERyne1004): 144 bajtów
22-04-2026 08:21:23 ; DEBUG ; Przeczytano wiersz stacji (MpPiwnZdrojoMOB): 158 bajtów
22-04-2026 08:21:23 ; DEBUG ; Przeczytano wiersz stacji (MpProszoWIOS3Maj1402): 145 bajtów
22-04-2026 08:21:23 ; DEBUG ; Przeczytano wiersz stacji (MpProszWIOSKrol1404): 185 bajtów
22-04-2026 08:21:23 ; DEBUG ; Przeczytano wiersz stacji (MpRabkaOrkan): 161 bajtów
22-04-2026 08:21:23 ; DEBUG ; Przeczytano wiersz stacji (MpRabkaWIOSChop1113): 159 bajtów
22-04-2026 08:21:23 ; DEBUG ; Przeczytano wiersz stacji (MpRabkaWIOSRudn1112): 157 bajtów
22-04-2026 08:21:23 ; DEBUG ; Przeczytano wiersz stacji (MpRabkaWSSEOrka1105): 133 bajtów
22-04-2026 08:21:23 ; DEBUG ; Przeczytano wiersz stacji (MpSkawOsOgro): 166 bajtów
22-04-2026 08:21:23 ; DEBUG ; Przeczytano wiersz stacji (MpSkawStudzi): 176 bajtów
22-04-2026 08:21:23 ; DEBUG ; Przeczytano wiersz stacji (MpSlomWolnosMOB): 173 bajtów
22-04-2026 08:21:23 ; DEBUG ; Przeczytano wiersz stacji (MpSuchaBWIOSHand1512): 184 bajtów
22-04-2026 08:21:23 ; DEBUG ; Przeczytano wiersz stacji (MpSuchaNiesz): 180 bajtów
22-04-2026 08:21:23 ; DEBUG ; Przeczytano wiersz stacji (MpSuchaWIOSBeni1501): 159 bajtów
22-04-2026 08:21:23 ; DEBUG ; Przeczytano wiersz stacji (MpSuchaWIOSMick1502): 169 bajtów
22-04-2026 08:21:23 ; DEBUG ; Przeczytano wiersz stacji (MpSuchSemika): 192 bajtów
22-04-2026 08:21:23 ; DEBUG ; Przeczytano wiersz stacji (MpSzarowSpok): 169 bajtów
22-04-2026 08:21:23 ; DEBUG ; Przeczytano wiersz stacji (MpSzarowWIOS1901): 131 bajtów
22-04-2026 08:21:23 ; DEBUG ; Przeczytano wiersz stacji (MpSzarowWIOS1908): 127 bajtów
22-04-2026 08:21:23 ; DEBUG ; Przeczytano wiersz stacji (MpSzczawJanaMOB): 181 bajtów
22-04-2026 08:21:23 ; DEBUG ; Przeczytano wiersz stacji (MpSzczawParkMOB): 149 bajtów
22-04-2026 08:21:23 ; DEBUG ; Przeczytano wiersz stacji (MpSzymbaGorl): 158 bajtów
22-04-2026 08:21:23 ; DEBUG ; Przeczytano wiersz stacji (MpTarBitStud): 198 bajtów
22-04-2026 08:21:23 ; DEBUG ; Przeczytano wiersz stacji (MpTarnowWIOSSoli6303): 177 bajtów
22-04-2026 08:21:23 ; DEBUG ; Przeczytano wiersz stacji (MpTarnowWSSEMosc6301): 173 bajtów
22-04-2026 08:21:23 ; DEBUG ; Przeczytano wiersz stacji (MpTarnowWSSEWest6302): 167 bajtów
22-04-2026 08:21:23 ; DEBUG ; Przeczytano wiersz stacji (MpTarRoSitko): 175 bajtów
22-04-2026 08:21:23 ; DEBUG ; Przeczytano wiersz stacji (MpTrzebiWIOSPils0303): 171 bajtów
22-04-2026 08:21:23 ; DEBUG ; Przeczytano wiersz stacji (MpTrzebOsZWM): 204 bajtów
22-04-2026 08:21:23 ; DEBUG ; Przeczytano wiersz stacji (MpTuchChopin): 173 bajtów
22-04-2026 08:21:23 ; DEBUG ; Przeczytano wiersz stacji (MpWadowiBalyMOB): 147 bajtów
22-04-2026 08:21:23 ; DEBUG ; Przeczytano wiersz stacji (MpWadowiWIOSPSka1805): 181 bajtów
22-04-2026 08:21:23 ; DEBUG ; Przeczytano wiersz stacji (MpWadowiWIOSPska1807): 144 bajtów
22-04-2026 08:21:23 ; DEBUG ; Przeczytano wiersz stacji (MpWadowiWIOSTeat1802): 148 bajtów
22-04-2026 08:21:23 ; DEBUG ; Przeczytano wiersz stacji (MpWielDembowMOB): 159 bajtów
22-04-2026 08:21:23 ; DEBUG ; Przeczytano wiersz stacji (MpWielicWIOSOSP1902): 148 bajtów
22-04-2026 08:21:23 ; DEBUG ; Przeczytano wiersz stacji (MpWolbroWIOSFabr1204): 139 bajtów
22-04-2026 08:21:23 ; DEBUG ; Przeczytano wiersz stacji (MpWysowaWSSE0502): 163 bajtów
22-04-2026 08:21:23 ; DEBUG ; Przeczytano wiersz stacji (MpZabieWapie): 157 bajtów
22-04-2026 08:21:23 ; DEBUG ; Przeczytano wiersz stacji (MpZakopaSien): 180 bajtów
22-04-2026 08:21:23 ; DEBUG ; Przeczytano wiersz stacji (MzBelsIGFPAN): 170 bajtów
22-04-2026 08:21:23 ; DEBUG ; Przeczytano wiersz stacji (MzBialaKmiciMOB): 155 bajtów
22-04-2026 08:21:23 ; DEBUG ; Przeczytano wiersz stacji (MzCiechSienkWSSE): 151 bajtów
22-04-2026 08:21:23 ; DEBUG ; Przeczytano wiersz stacji (MzCiechStrazacka): 156 bajtów
22-04-2026 08:21:23 ; DEBUG ; Przeczytano wiersz stacji (MzGostMajaWSSE): 134 bajtów
22-04-2026 08:21:23 ; DEBUG ; Przeczytano wiersz stacji (MzGranicaKPN): 156 bajtów
22-04-2026 08:21:23 ; DEBUG ; Przeczytano wiersz stacji (MzGrodziskWSSE): 162 bajtów
22-04-2026 08:21:23 ; DEBUG ; Przeczytano wiersz stacji (MzGutyDuCzer): 149 bajtów
22-04-2026 08:21:23 ; DEBUG ; Przeczytano wiersz stacji (MzKonJezWieMOB): 200 bajtów
22-04-2026 08:21:23 ; DEBUG ; Przeczytano wiersz stacji (MzKonJezZero): 189 bajtów
22-04-2026 08:21:23 ; DEBUG ; Przeczytano wiersz stacji (MzKonJezZrodWSSE): 171 bajtów
22-04-2026 08:21:23 ; DEBUG ; Przeczytano wiersz stacji (MzKozienSwierWSSE): 161 bajtów
22-04-2026 08:21:23 ; DEBUG ; Przeczytano wiersz stacji (MzLegionBronWSSE): 153 bajtów
22-04-2026 08:21:23 ; DEBUG ; Przeczytano wiersz stacji (MzLegZegrzyn): 180 bajtów
22-04-2026 08:21:23 ; DEBUG ; Przeczytano wiersz stacji (MzMakMMickWSSE): 164 bajtów
22-04-2026 08:21:23 ; DEBUG ; Przeczytano wiersz stacji (MzMinMazKaziMOB): 179 bajtów
22-04-2026 08:21:23 ; DEBUG ; Przeczytano wiersz stacji (MzMinskKilinWSSE): 164 bajtów
22-04-2026 08:21:23 ; DEBUG ; Przeczytano wiersz stacji (MzMinskKoscWSSE): 153 bajtów
22-04-2026 08:21:23 ; DEBUG ; Przeczytano wiersz stacji (MzMlawaMajaWSSE): 130 bajtów
22-04-2026 08:21:23 ; DEBUG ; Przeczytano wiersz stacji (MzMlawOrdona): 169 bajtów
22-04-2026 08:21:23 ; DEBUG ; Przeczytano wiersz stacji (MzNowDwChemWSSE): 162 bajtów
22-04-2026 08:21:23 ; DEBUG ; Przeczytano wiersz stacji (MzOstMazSikorWSSE): 185 bajtów
22-04-2026 08:21:23 ; DEBUG ; Przeczytano wiersz stacji (MzOstroHalle): 186 bajtów
22-04-2026 08:21:23 ; DEBUG ; Przeczytano wiersz stacji (MzOstrolKoscWSSE): 154 bajtów
22-04-2026 08:21:23 ; DEBUG ; Przeczytano wiersz stacji (MzOstrolTargowa): 170 bajtów
22-04-2026 08:21:23 ; DEBUG ; Przeczytano wiersz stacji (MzOtwoBrzozo): 165 bajtów
22-04-2026 08:21:23 ; DEBUG ; Przeczytano wiersz stacji (MzOtwockBrzozWSSE): 149 bajtów
22-04-2026 08:21:23 ; DEBUG ; Przeczytano wiersz stacji (MzPiaseczDworWSSE): 147 bajtów
22-04-2026 08:21:23 ; DEBUG ; Przeczytano wiersz stacji (MzPiasPulask): 179 bajtów
22-04-2026 08:21:23 ; DEBUG ; Przeczytano wiersz stacji (MzPiastWarszWSSE): 154 bajtów
22-04-2026 08:21:23 ; DEBUG ; Przeczytano wiersz stacji (MzPionkiSienWSSE): 146 bajtów
22-04-2026 08:21:23 ; DEBUG ; Przeczytano wiersz stacji (MzPlockJasnaWSSE): 131 bajtów
22-04-2026 08:21:23 ; DEBUG ; Przeczytano wiersz stacji (MzPlockKolegWSSE): 149 bajtów
22-04-2026 08:21:23 ; DEBUG ; Przeczytano wiersz stacji (MzPlockKolodWSSE): 157 bajtów
22-04-2026 08:21:23 ; DEBUG ; Przeczytano wiersz stacji (MzPlockLaczWSSE): 145 bajtów
22-04-2026 08:21:23 ; DEBUG ; Przeczytano wiersz stacji (MzPlockOpsis): 142 bajtów
22-04-2026 08:21:23 ; DEBUG ; Przeczytano wiersz stacji (MzPlockPiaskaWSSE): 134 bajtów
22-04-2026 08:21:23 ; DEBUG ; Przeczytano wiersz stacji (MzPlockPKN1): 164 bajtów
22-04-2026 08:21:23 ; DEBUG ; Przeczytano wiersz stacji (MzPlockPKN2): 170 bajtów
22-04-2026 08:21:23 ; DEBUG ; Przeczytano wiersz stacji (MzPlockPKN3): 154 bajtów
22-04-2026 08:21:23 ; DEBUG ; Przeczytano wiersz stacji (MzPlocKroJad): 185 bajtów
22-04-2026 08:21:23 ; DEBUG ; Przeczytano wiersz stacji (MzPlocMiReja): 163 bajtów
22-04-2026 08:21:23 ; DEBUG ; Przeczytano wiersz stacji (MzPlonskSienWSSE): 150 bajtów
22-04-2026 08:21:23 ; DEBUG ; Przeczytano wiersz stacji (MzPruszKraszeWSSE): 162 bajtów
22-04-2026 08:21:23 ; DEBUG ; Przeczytano wiersz stacji (MzPruszMajWSSE): 138 bajtów
22-04-2026 08:21:23 ; DEBUG ; Przeczytano wiersz stacji (MzPultuskMicMOB): 147 bajtów
22-04-2026 08:21:23 ; DEBUG ; Przeczytano wiersz stacji (MzPultusKoscWSSE): 148 bajtów
22-04-2026 08:21:23 ; DEBUG ; Przeczytano wiersz stacji (MzPultusMajaWSSE): 136 bajtów
22-04-2026 08:21:23 ; DEBUG ; Przeczytano wiersz stacji (MzRad25Czerw): 171 bajtów
22-04-2026 08:21:23 ; DEBUG ; Przeczytano wiersz stacji (MzRadHallera): 162 bajtów
22-04-2026 08:21:23 ; DEBUG ; Przeczytano wiersz stacji (MzRadomAlekWSSE): 142 bajtów
22-04-2026 08:21:23 ; DEBUG ; Przeczytano wiersz stacji (MzRadomCzWSSE): 149 bajtów
22-04-2026 08:21:23 ; DEBUG ; Przeczytano wiersz stacji (MzRadomLubonWSSE): 143 bajtów
22-04-2026 08:21:23 ; DEBUG ; Przeczytano wiersz stacji (MzRadomPulask): 138 bajtów
22-04-2026 08:21:23 ; DEBUG ; Przeczytano wiersz stacji (MzRadTochter): 167 bajtów
22-04-2026 08:21:23 ; DEBUG ; Przeczytano wiersz stacji (MzSiedChrobWSSE): 141 bajtów
22-04-2026 08:21:23 ; DEBUG ; Przeczytano wiersz stacji (MzSiedKonars): 182 bajtów
22-04-2026 08:21:23 ; DEBUG ; Przeczytano wiersz stacji (MzSiedPodlasWSSE): 139 bajtów
22-04-2026 08:21:23 ; DEBUG ; Przeczytano wiersz stacji (MzSiedPoniatWSSE): 152 bajtów
22-04-2026 08:21:23 ; DEBUG ; Przeczytano wiersz stacji (MzSiedSienkWSSE): 147 bajtów
22-04-2026 08:21:23 ; DEBUG ; Przeczytano wiersz stacji (MzSiedStarowWSSE): 148 bajtów
22-04-2026 08:21:23 ; DEBUG ; Przeczytano wiersz stacji (MzSiedWoszczWSSE): 151 bajtów
22-04-2026 08:21:23 ; DEBUG ; Przeczytano wiersz stacji (MzSierpcPiastWSSE): 143 bajtów
22-04-2026 08:21:23 ; DEBUG ; Przeczytano wiersz stacji (MzSierWiosnyMOB): 168 bajtów
22-04-2026 08:21:23 ; DEBUG ; Przeczytano wiersz stacji (MzSochPlocWSSE): 144 bajtów
22-04-2026 08:21:23 ; DEBUG ; Przeczytano wiersz stacji (MzSochSierpWSSE): 145 bajtów
22-04-2026 08:21:23 ; DEBUG ; Przeczytano wiersz stacji (MzSokPodSierpWSSE): 165 bajtów
22-04-2026 08:21:23 ; DEBUG ; Przeczytano wiersz stacji (MzTluszczJKiel): 166 bajtów
22-04-2026 08:21:23 ; DEBUG ; Przeczytano wiersz stacji (MzWarAKrzywo): 178 bajtów
22-04-2026 08:21:23 ; DEBUG ; Przeczytano wiersz stacji (MzWarAKrzywWSSE): 170 bajtów
22-04-2026 08:21:23 ; DEBUG ; Przeczytano wiersz stacji (MzWarAlNiepo): 198 bajtów
22-04-2026 08:21:23 ; DEBUG ; Przeczytano wiersz stacji (MzWarBajkowa): 155 bajtów
22-04-2026 08:21:23 ; DEBUG ; Przeczytano wiersz stacji (MzWarChrosci): 169 bajtów
22-04-2026 08:21:23 ; DEBUG ; Przeczytano wiersz stacji (MzWarKondrat): 177 bajtów
22-04-2026 08:21:23 ; DEBUG ; Przeczytano wiersz stacji (MzWarMarszal): 192 bajtów
22-04-2026 08:21:23 ; DEBUG ; Przeczytano wiersz stacji (MzWarMeteo): 146 bajtów
22-04-2026 08:21:23 ; DEBUG ; Przeczytano wiersz stacji (MzWarPodlesn): 159 bajtów
22-04-2026 08:21:23 ; DEBUG ; Przeczytano wiersz stacji (MzWarPorajow): 180 bajtów
22-04-2026 08:21:23 ; DEBUG ; Przeczytano wiersz stacji (MzWarPuszSol): 199 bajtów
22-04-2026 08:21:23 ; DEBUG ; Przeczytano wiersz stacji (MzWarszAlJerozol): 158 bajtów
22-04-2026 08:21:23 ; DEBUG ; Przeczytano wiersz stacji (MzWarszArmLudWSSE): 162 bajtów
22-04-2026 08:21:23 ; DEBUG ; Przeczytano wiersz stacji (MzWarszBednarWSSE): 155 bajtów
22-04-2026 08:21:23 ; DEBUG ; Przeczytano wiersz stacji (MzWarszBernWoda): 193 bajtów
22-04-2026 08:21:23 ; DEBUG ; Przeczytano wiersz stacji (MzWarszBialobWSSE): 153 bajtów
22-04-2026 08:21:23 ; DEBUG ; Przeczytano wiersz stacji (MzWarszBorKomWSSE): 184 bajtów
22-04-2026 08:21:23 ; DEBUG ; Przeczytano wiersz stacji (MzWarszHertzaWSSE): 138 bajtów
22-04-2026 08:21:23 ; DEBUG ; Przeczytano wiersz stacji (MzWarszKochanWSSE): 155 bajtów
22-04-2026 08:21:23 ; DEBUG ; Przeczytano wiersz stacji (MzWarszKrucza): 144 bajtów
22-04-2026 08:21:23 ; DEBUG ; Przeczytano wiersz stacji (MzWarszLazurowa): 162 bajtów
22-04-2026 08:21:23 ; DEBUG ; Przeczytano wiersz stacji (MzWarszOskLanWSSE): 162 bajtów
22-04-2026 08:21:23 ; DEBUG ; Przeczytano wiersz stacji (MzWarszSGGW): 157 bajtów
22-04-2026 08:21:23 ; DEBUG ; Przeczytano wiersz stacji (MzWarszSuwalWSSE): 156 bajtów
22-04-2026 08:21:23 ; DEBUG ; Przeczytano wiersz stacji (MzWarszZelazWSSE): 149 bajtów
22-04-2026 08:21:23 ; DEBUG ; Przeczytano wiersz stacji (MzWarTolstoj): 169 bajtów
22-04-2026 08:21:23 ; DEBUG ; Przeczytano wiersz stacji (MzWarWokalna): 165 bajtów
22-04-2026 08:21:23 ; DEBUG ; Przeczytano wiersz stacji (MzWarZeganWSSE): 162 bajtów
22-04-2026 08:21:23 ; DEBUG ; Przeczytano wiersz stacji (MzWolOgrodowa): 145 bajtów
22-04-2026 08:21:23 ; DEBUG ; Przeczytano wiersz stacji (MzWolomLegionWSSE): 145 bajtów
22-04-2026 08:21:23 ; DEBUG ; Przeczytano wiersz stacji (MzWyszDaszynWSSE): 152 bajtów
22-04-2026 08:21:23 ; DEBUG ; Przeczytano wiersz stacji (MzZwolenWSSE): 142 bajtów
22-04-2026 08:21:23 ; DEBUG ; Przeczytano wiersz stacji (MzZyrardMoniuszWSSE): 151 bajtów
22-04-2026 08:21:23 ; DEBUG ; Przeczytano wiersz stacji (MzZyraRoosev): 177 bajtów
22-04-2026 08:21:23 ; DEBUG ; Przeczytano wiersz stacji (OpBrzeg101): 144 bajtów
22-04-2026 08:21:23 ; DEBUG ; Przeczytano wiersz stacji (OpBrzegPoprz): 148 bajtów
22-04-2026 08:21:23 ; DEBUG ; Przeczytano wiersz stacji (OpGlubKochan): 183 bajtów
22-04-2026 08:21:23 ; DEBUG ; Przeczytano wiersz stacji (OpGlubRatusz): 155 bajtów
22-04-2026 08:21:23 ; DEBUG ; Przeczytano wiersz stacji (OpGora12728): 176 bajtów
22-04-2026 08:21:23 ; DEBUG ; Przeczytano wiersz stacji (OpJanusz12394): 170 bajtów
22-04-2026 08:21:23 ; DEBUG ; Przeczytano wiersz stacji (OpKKozBSmial): 195 bajtów
22-04-2026 08:21:23 ; DEBUG ; Przeczytano wiersz stacji (OpKkozle243): 149 bajtów
22-04-2026 08:21:23 ; DEBUG ; Przeczytano wiersz stacji (OpKkozle61): 142 bajtów
22-04-2026 08:21:23 ; DEBUG ; Przeczytano wiersz stacji (OpKkozleSP10): 178 bajtów
22-04-2026 08:21:23 ; DEBUG ; Przeczytano wiersz stacji (OpKkozleSP3): 175 bajtów
22-04-2026 08:21:23 ; DEBUG ; Przeczytano wiersz stacji (OpKkozleSP7): 156 bajtów
22-04-2026 08:21:23 ; DEBUG ; Przeczytano wiersz stacji (OpKlucz227): 147 bajtów
22-04-2026 08:21:23 ; DEBUG ; Przeczytano wiersz stacji (OpKlucz235): 150 bajtów
22-04-2026 08:21:23 ; DEBUG ; Przeczytano wiersz stacji (OpKluczMicki): 175 bajtów
22-04-2026 08:21:23 ; DEBUG ; Przeczytano wiersz stacji (OpKrap3Maja): 144 bajtów
22-04-2026 08:21:23 ; DEBUG ; Przeczytano wiersz stacji (OpKrap3Maja): 158 bajtów
22-04-2026 08:21:23 ; DEBUG ; Przeczytano wiersz stacji (OpNamys2pyl): 150 bajtów
22-04-2026 08:21:23 ; DEBUG ; Przeczytano wiersz stacji (OpNysa237): 125 bajtów
22-04-2026 08:21:23 ; DEBUG ; Przeczytano wiersz stacji (OpNysaRodzie): 166 bajtów
22-04-2026 08:21:23 ; DEBUG ; Przeczytano wiersz stacji (OpOlesno3pyl): 144 bajtów
22-04-2026 08:21:23 ; DEBUG ; Przeczytano wiersz stacji (OpOlesSlowac): 162 bajtów
22-04-2026 08:21:23 ; DEBUG ; Przeczytano wiersz stacji (OpOpole244): 139 bajtów
22-04-2026 08:21:23 ; DEBUG ; Przeczytano wiersz stacji (OpOpole246): 138 bajtów
22-04-2026 08:21:23 ; DEBUG ; Przeczytano wiersz stacji (OpOpole45): 131 bajtów
22-04-2026 08:21:23 ; DEBUG ; Przeczytano wiersz stacji (OpOpole45p): 133 bajtów
22-04-2026 08:21:23 ; DEBUG ; Przeczytano wiersz stacji (OpOpoleKoszy): 143 bajtów
22-04-2026 08:21:23 ; DEBUG ; Przeczytano wiersz stacji (OpOpoleMinor): 159 bajtów
22-04-2026 08:21:23 ; DEBUG ; Przeczytano wiersz stacji (OpOpoleOsAKr): 170 bajtów
22-04-2026 08:21:23 ; DEBUG ; Przeczytano wiersz stacji (OpPrud189): 142 bajtów
22-04-2026 08:21:23 ; DEBUG ; Przeczytano wiersz stacji (OpPrud189p): 137 bajtów
22-04-2026 08:21:23 ; DEBUG ; Przeczytano wiersz stacji (OpPrudPodgor): 137 bajtów
22-04-2026 08:21:23 ; DEBUG ; Przeczytano wiersz stacji (OpSkozleSP5): 161 bajtów
22-04-2026 08:21:23 ; DEBUG ; Przeczytano wiersz stacji (OpStrzel239): 148 bajtów
22-04-2026 08:21:23 ; DEBUG ; Przeczytano wiersz stacji (OpStrzel247): 159 bajtów
22-04-2026 08:21:23 ; DEBUG ; Przeczytano wiersz stacji (OpStrzOpWyszMOB): 195 bajtów
22-04-2026 08:21:23 ; DEBUG ; Przeczytano wiersz stacji (OpZdze12392): 169 bajtów
22-04-2026 08:21:23 ; DEBUG ; Przeczytano wiersz stacji (OpZdziePiast): 166 bajtów
22-04-2026 08:21:23 ; DEBUG ; Przeczytano wiersz stacji (PdAugSzpitalna): 148 bajtów
22-04-2026 08:21:23 ; DEBUG ; Przeczytano wiersz stacji (PdAugustowUz): 159 bajtów
22-04-2026 08:21:23 ; DEBUG ; Przeczytano wiersz stacji (PdAugustoZdrMOB): 144 bajtów
22-04-2026 08:21:23 ; DEBUG ; Przeczytano wiersz stacji (PdBialAlPils): 182 bajtów
22-04-2026 08:21:23 ; DEBUG ; Przeczytano wiersz stacji (PdBialPPiech): 180 bajtów
22-04-2026 08:21:23 ; DEBUG ; Przeczytano wiersz stacji (PdBialPulPie): 190 bajtów
22-04-2026 08:21:23 ; DEBUG ; Przeczytano wiersz stacji (PdBialWarsza): 179 bajtów
22-04-2026 08:21:23 ; DEBUG ; Przeczytano wiersz stacji (PdBialWaszyn): 186 bajtów
22-04-2026 08:21:23 ; DEBUG ; Przeczytano wiersz stacji (PdBialyBroniewsk): 158 bajtów
22-04-2026 08:21:23 ; DEBUG ; Przeczytano wiersz stacji (PdBialyLegionowa): 150 bajtów
22-04-2026 08:21:23 ; DEBUG ; Przeczytano wiersz stacji (PdBialyLegionowa8): 177 bajtów
22-04-2026 08:21:23 ; DEBUG ; Przeczytano wiersz stacji (PdBialyPorzeczkowa): 158 bajtów
22-04-2026 08:21:23 ; DEBUG ; Przeczytano wiersz stacji (PdBialyWarszaw): 157 bajtów
22-04-2026 08:21:23 ; DEBUG ; Przeczytano wiersz stacji (PdBiePodKosciuszki): 168 bajtów
22-04-2026 08:21:23 ; DEBUG ; Przeczytano wiersz stacji (PdBorsukowiz): 167 bajtów
22-04-2026 08:21:23 ; DEBUG ; Przeczytano wiersz stacji (PdGrajewKonsty3M): 162 bajtów
22-04-2026 08:21:23 ; DEBUG ; Przeczytano wiersz stacji (PdGrajewoWPoMOB): 153 bajtów
22-04-2026 08:21:23 ; DEBUG ; Przeczytano wiersz stacji (PdGrajNowickiego): 144 bajtów
22-04-2026 08:21:23 ; DEBUG ; Przeczytano wiersz stacji (PdHajnowkJagMOB): 157 bajtów
22-04-2026 08:21:23 ; DEBUG ; Przeczytano wiersz stacji (PdLomSikorsk): 177 bajtów
22-04-2026 08:21:23 ; DEBUG ; Przeczytano wiersz stacji (PdLomzaKopernika16): 139 bajtów
22-04-2026 08:21:23 ; DEBUG ; Przeczytano wiersz stacji (PdLomzaSadowa): 135 bajtów
22-04-2026 08:21:23 ; DEBUG ; Przeczytano wiersz stacji (PdSiemPilsudskiego): 154 bajtów
22-04-2026 08:21:23 ; DEBUG ; Przeczytano wiersz stacji (PdSokol1Maja): 144 bajtów
22-04-2026 08:21:23 ; DEBUG ; Przeczytano wiersz stacji (PdSuw1Maja): 139 bajtów
22-04-2026 08:21:23 ; DEBUG ; Przeczytano wiersz stacji (PdSuwPulask2): 173 bajtów
22-04-2026 08:21:23 ; DEBUG ; Przeczytano wiersz stacji (PdSuwPulaski): 168 bajtów
22-04-2026 08:21:23 ; DEBUG ; Przeczytano wiersz stacji (PdZambObronZamb): 167 bajtów
22-04-2026 08:21:23 ; DEBUG ; Przeczytano wiersz stacji (PkCzarnaWSSENafGaz): 178 bajtów
22-04-2026 08:21:23 ; DEBUG ; Przeczytano wiersz stacji (PkDebicaWSSEParkow): 152 bajtów
22-04-2026 08:21:23 ; DEBUG ; Przeczytano wiersz stacji (PkDebiGrottg): 162 bajtów
22-04-2026 08:21:23 ; DEBUG ; Przeczytano wiersz stacji (PkGorzycWSSEKEN): 163 bajtów
22-04-2026 08:21:23 ; DEBUG ; Przeczytano wiersz stacji (PkHorZdrParkMOB): 159 bajtów
22-04-2026 08:21:23 ; DEBUG ; Przeczytano wiersz stacji (PkHorZdrWSSESobies): 181 bajtów
22-04-2026 08:21:23 ; DEBUG ; Przeczytano wiersz stacji (PkIwonZdrRab): 175 bajtów
22-04-2026 08:21:23 ; DEBUG ; Przeczytano wiersz stacji (PkIwZdrWSSEToros): 163 bajtów
22-04-2026 08:21:23 ; DEBUG ; Przeczytano wiersz stacji (PkJarosPruch): 170 bajtów
22-04-2026 08:21:23 ; DEBUG ; Przeczytano wiersz stacji (PkJarosWIOSJanPawII): 169 bajtów
22-04-2026 08:21:23 ; DEBUG ; Przeczytano wiersz stacji (PkJarosWSSE3Maja): 153 bajtów
22-04-2026 08:21:23 ; DEBUG ; Przeczytano wiersz stacji (PkJarosWSSEGrunw): 162 bajtów
22-04-2026 08:21:23 ; DEBUG ; Przeczytano wiersz stacji (PkJasloSikor): 171 bajtów
22-04-2026 08:21:23 ; DEBUG ; Przeczytano wiersz stacji (PkJasloWIOSFabr): 147 bajtów
22-04-2026 08:21:23 ; DEBUG ; Przeczytano wiersz stacji (PkJasloWIOSFlor): 157 bajtów
22-04-2026 08:21:23 ; DEBUG ; Przeczytano wiersz stacji (PkJasloWIOSFlor2): 173 bajtów
22-04-2026 08:21:23 ; DEBUG ; Przeczytano wiersz stacji (PkJasloWIOSMickiew): 149 bajtów
22-04-2026 08:21:23 ; DEBUG ; Przeczytano wiersz stacji (PkJasloWSSE3Maja): 139 bajtów
22-04-2026 08:21:23 ; DEBUG ; Przeczytano wiersz stacji (PkJasloWSSEFloria): 152 bajtów
22-04-2026 08:21:23 ; DEBUG ; Przeczytano wiersz stacji (PkJasloWSSEKoralew): 156 bajtów
22-04-2026 08:21:23 ; DEBUG ; Przeczytano wiersz stacji (PkJasloWSSESrocz): 153 bajtów
22-04-2026 08:21:23 ; DEBUG ; Przeczytano wiersz stacji (PkJedliTokarMOB): 149 bajtów
22-04-2026 08:21:23 ; DEBUG ; Przeczytano wiersz stacji (PkKolbWSSETyszk): 155 bajtów
22-04-2026 08:21:23 ; DEBUG ; Przeczytano wiersz stacji (PkKomanWSSEOsZdr): 162 bajtów
22-04-2026 08:21:23 ; DEBUG ; Przeczytano wiersz stacji (PkKrempnaMPN): 178 bajtów
22-04-2026 08:21:23 ; DEBUG ; Przeczytano wiersz stacji (PkKrempWIOSGrab): 128 bajtów
22-04-2026 08:21:23 ; DEBUG ; Przeczytano wiersz stacji (PkKrosKletow): 158 bajtów
22-04-2026 08:21:23 ; DEBUG ; Przeczytano wiersz stacji (PkKrosnoWSSEKisiel): 158 bajtów
22-04-2026 08:21:23 ; DEBUG ; Przeczytano wiersz stacji (PkKrosnoWSSEKisielewskiego): 168 bajtów
22-04-2026 08:21:23 ; DEBUG ; Przeczytano wiersz stacji (PkKrosnoWSSELewak): 162 bajtów
22-04-2026 08:21:23 ; DEBUG ; Przeczytano wiersz stacji (PkKrosnoWSSEStasz): 142 bajtów
22-04-2026 08:21:23 ; DEBUG ; Przeczytano wiersz stacji (PkLatosZdrojMOB): 142 bajtów
22-04-2026 08:21:23 ; DEBUG ; Przeczytano wiersz stacji (PkLeskoWSSERynek): 141 bajtów
22-04-2026 08:21:23 ; DEBUG ; Przeczytano wiersz stacji (PkLubaczWSSEMickiew): 159 bajtów
22-04-2026 08:21:23 ; DEBUG ; Przeczytano wiersz stacji (PkMielBierna): 156 bajtów
22-04-2026 08:21:23 ; DEBUG ; Przeczytano wiersz stacji (PkMielPogodn): 140 bajtów
22-04-2026 08:21:23 ; DEBUG ; Przeczytano wiersz stacji (PkMielSolski): 177 bajtów
22-04-2026 08:21:23 ; DEBUG ; Przeczytano wiersz stacji (PkMielWSSEGrunw): 155 bajtów
22-04-2026 08:21:23 ; DEBUG ; Przeczytano wiersz stacji (PkMielWSSESklodow): 167 bajtów
22-04-2026 08:21:23 ; DEBUG ; Przeczytano wiersz stacji (PkMielZaStre): 172 bajtów
22-04-2026 08:21:23 ; DEBUG ; Przeczytano wiersz stacji (PkNiskoSzkla): 165 bajtów
22-04-2026 08:21:23 ; DEBUG ; Przeczytano wiersz stacji (PkPolanWSSEStPomp): 175 bajtów
22-04-2026 08:21:23 ; DEBUG ; Przeczytano wiersz stacji (PkPolanZdrojMOB): 146 bajtów
22-04-2026 08:21:23 ; DEBUG ; Przeczytano wiersz stacji (PkPrzemGrunw): 179 bajtów
22-04-2026 08:21:23 ; DEBUG ; Przeczytano wiersz stacji (PkPrzemWIOSDolin): 158 bajtów
22-04-2026 08:21:23 ; DEBUG ; Przeczytano wiersz stacji (PkPrzemWIOSPDom): 166 bajtów
22-04-2026 08:21:23 ; DEBUG ; Przeczytano wiersz stacji (PkPrzemWSSEGlaz): 146 bajtów
22-04-2026 08:21:23 ; DEBUG ; Przeczytano wiersz stacji (PkPrzemWSSEMariac): 150 bajtów
22-04-2026 08:21:23 ; DEBUG ; Przeczytano wiersz stacji (PkPrzemyslWIOSMick): 160 bajtów
22-04-2026 08:21:23 ; DEBUG ; Przeczytano wiersz stacji (PkPrzewWSSERynek): 143 bajtów
22-04-2026 08:21:23 ; DEBUG ; Przeczytano wiersz stacji (PkRudnikKoncMOB): 169 bajtów
22-04-2026 08:21:23 ; DEBUG ; Przeczytano wiersz stacji (PkRymZdrPark): 165 bajtów
22-04-2026 08:21:23 ; DEBUG ; Przeczytano wiersz stacji (PkRymZdrWSSEZdr): 172 bajtów
22-04-2026 08:21:23 ; DEBUG ; Przeczytano wiersz stacji (PkRzeszPilsu): 167 bajtów
22-04-2026 08:21:23 ; DEBUG ; Przeczytano wiersz stacji (PkRzeszRejta): 167 bajtów
22-04-2026 08:21:23 ; DEBUG ; Przeczytano wiersz stacji (PkRzeszSloci): 156 bajtów
22-04-2026 08:21:23 ; DEBUG ; Przeczytano wiersz stacji (PkRzeszStarz): 163 bajtów
22-04-2026 08:21:23 ; DEBUG ; Przeczytano wiersz stacji (PkRzeszWIOSSzop): 163 bajtów
22-04-2026 08:21:23 ; DEBUG ; Przeczytano wiersz stacji (PkRzeszWSSEGrunw): 151 bajtów
22-04-2026 08:21:23 ; DEBUG ; Przeczytano wiersz stacji (PkRzeszWSSEPilsud): 171 bajtów
22-04-2026 08:21:23 ; DEBUG ; Przeczytano wiersz stacji (PkRzeszWSSEPoniat): 167 bajtów
22-04-2026 08:21:23 ; DEBUG ; Przeczytano wiersz stacji (PkRzeszWSSESkubisz): 156 bajtów
22-04-2026 08:21:23 ; DEBUG ; Przeczytano wiersz stacji (PkRzeszWSSEWierzb): 158 bajtów
22-04-2026 08:21:23 ; DEBUG ; Przeczytano wiersz stacji (PkSanokWSSEJanPawl): 159 bajtów
22-04-2026 08:21:23 ; DEBUG ; Przeczytano wiersz stacji (PkSanokWSSEJezier): 158 bajtów
22-04-2026 08:21:23 ; DEBUG ; Przeczytano wiersz stacji (PkSanokWSSEMickew): 146 bajtów
22-04-2026 08:21:23 ; DEBUG ; Przeczytano wiersz stacji (PkSanoSadowa): 143 bajtów
22-04-2026 08:21:23 ; DEBUG ; Przeczytano wiersz stacji (PkStWolWoPol): 179 bajtów
22-04-2026 08:21:23 ; DEBUG ; Przeczytano wiersz stacji (PkStWolWSSENiezl): 170 bajtów
22-04-2026 08:21:23 ; DEBUG ; Przeczytano wiersz stacji (PkTarnDabrow): 176 bajtów
22-04-2026 08:21:23 ; DEBUG ; Przeczytano wiersz stacji (PkTarnobWIOSSwBarb): 169 bajtów
22-04-2026 08:21:23 ; DEBUG ; Przeczytano wiersz stacji (PkTarnobWSSE1Maja): 156 bajtów
22-04-2026 08:21:23 ; DEBUG ; Przeczytano wiersz stacji (PkTarnobWSSEWarszaw): 160 bajtów
22-04-2026 08:21:23 ; DEBUG ; Przeczytano wiersz stacji (PkTarnobWSSEWiejs): 150 bajtów
22-04-2026 08:21:23 ; DEBUG ; Przeczytano wiersz stacji (PkUsDolWSSEKoper): 166 bajtów
22-04-2026 08:21:23 ; DEBUG ; Przeczytano wiersz stacji (PkUstDolWSSEBelz): 161 bajtów
22-04-2026 08:21:23 ; DEBUG ; Przeczytano wiersz stacji (Pm.00.s218m): 156 bajtów
22-04-2026 08:21:23 ; DEBUG ; Przeczytano wiersz stacji (Pm.00.s231m): 134 bajtów
22-04-2026 08:21:23 ; DEBUG ; Przeczytano wiersz stacji (Pm.00.s234m): 140 bajtów
22-04-2026 08:21:23 ; DEBUG ; Przeczytano wiersz stacji (Pm.00.s237m): 168 bajtów
22-04-2026 08:21:23 ; DEBUG ; Przeczytano wiersz stacji (Pm.00.s428m): 153 bajtów
22-04-2026 08:21:23 ; DEBUG ; Przeczytano wiersz stacji (Pm.00.s473m): 148 bajtów
22-04-2026 08:21:23 ; DEBUG ; Przeczytano wiersz stacji (Pm.00.s476m): 146 bajtów
22-04-2026 08:21:23 ; DEBUG ; Przeczytano wiersz stacji (Pm.00.s477m): 148 bajtów
22-04-2026 08:21:23 ; DEBUG ; Przeczytano wiersz stacji (Pm.00.s479m): 151 bajtów
22-04-2026 08:21:23 ; DEBUG ; Przeczytano wiersz stacji (Pm.01w.01m): 146 bajtów
22-04-2026 08:21:23 ; DEBUG ; Przeczytano wiersz stacji (Pm.02.s631m): 138 bajtów
22-04-2026 08:21:23 ; DEBUG ; Przeczytano wiersz stacji (Pm.04.s472m): 161 bajtów
22-04-2026 08:21:23 ; DEBUG ; Przeczytano wiersz stacji (Pm.06.s711m): 142 bajtów
22-04-2026 08:21:23 ; DEBUG ; Przeczytano wiersz stacji (Pm.06.s712m): 157 bajtów
22-04-2026 08:21:23 ; DEBUG ; Przeczytano wiersz stacji (Pm.07.s005m): 135 bajtów
22-04-2026 08:21:23 ; DEBUG ; Przeczytano wiersz stacji (Pm.08.s076m): 139 bajtów
22-04-2026 08:21:23 ; DEBUG ; Przeczytano wiersz stacji (Pm.08.s077m): 132 bajtów
22-04-2026 08:21:23 ; DEBUG ; Przeczytano wiersz stacji (Pm.09.s067m): 139 bajtów
22-04-2026 08:21:23 ; DEBUG ; Przeczytano wiersz stacji (Pm.12.s063m): 141 bajtów
22-04-2026 08:21:23 ; DEBUG ; Przeczytano wiersz stacji (Pm.13.s618m): 160 bajtów
22-04-2026 08:21:23 ; DEBUG ; Przeczytano wiersz stacji (Pm.14.s512m): 147 bajtów
22-04-2026 08:21:23 ; DEBUG ; Przeczytano wiersz stacji (Pm.15.s128m): 146 bajtów
22-04-2026 08:21:23 ; DEBUG ; Przeczytano wiersz stacji (Pm.63.s073m): 145 bajtów
22-04-2026 08:21:23 ; DEBUG ; Przeczytano wiersz stacji (Pm.63.s079m): 176 bajtów
22-04-2026 08:21:23 ; DEBUG ; Przeczytano wiersz stacji (Pm.63.wDSMm): 182 bajtów
22-04-2026 08:21:23 ; DEBUG ; Przeczytano wiersz stacji (Pm.a09a): 150 bajtów
22-04-2026 08:21:23 ; DEBUG ; Przeczytano wiersz stacji (Pm.aw07m): 150 bajtów
22-04-2026 08:21:23 ; DEBUG ; Przeczytano wiersz stacji (Pm14TCZEw06m): 164 bajtów
22-04-2026 08:21:23 ; DEBUG ; Przeczytano wiersz stacji (PmChojPlEmsdMOB): 159 bajtów
22-04-2026 08:21:23 ; DEBUG ; Przeczytano wiersz stacji (PmGac): 165 bajtów
22-04-2026 08:21:23 ; DEBUG ; Przeczytano wiersz stacji (PmGdaGleboka): 181 bajtów
22-04-2026 08:21:23 ; DEBUG ; Przeczytano wiersz stacji (PmGdaGrunwalTMP): 150 bajtów
22-04-2026 08:21:23 ; DEBUG ; Przeczytano wiersz stacji (PmGdaKacze02): 161 bajtów
22-04-2026 08:21:23 ; DEBUG ; Przeczytano wiersz stacji (PmGdaLeczk81): 172 bajtów
22-04-2026 08:21:23 ; DEBUG ; Przeczytano wiersz stacji (PmGdaLeczkow): 182 bajtów
22-04-2026 08:21:23 ; DEBUG ; Przeczytano wiersz stacji (PmGdaOstrz05): 166 bajtów
22-04-2026 08:21:23 ; DEBUG ; Przeczytano wiersz stacji (PmGdaPowWars): 212 bajtów
22-04-2026 08:21:23 ; DEBUG ; Przeczytano wiersz stacji (PmGdaPowWiel): 200 bajtów
22-04-2026 08:21:23 ; DEBUG ; Przeczytano wiersz stacji (PmGdaWyzwole): 172 bajtów
22-04-2026 08:21:23 ; DEBUG ; Przeczytano wiersz stacji (PmGdyJozBema): 165 bajtów
22-04-2026 08:21:23 ; DEBUG ; Przeczytano wiersz stacji (PmGdyPorebsk): 174 bajtów
22-04-2026 08:21:23 ; DEBUG ; Przeczytano wiersz stacji (PmGdySzafran): 181 bajtów
22-04-2026 08:21:23 ; DEBUG ; Przeczytano wiersz stacji (PmGdyWendy10): 165 bajtów
22-04-2026 08:21:23 ; DEBUG ; Przeczytano wiersz stacji (PmKartWejher): 146 bajtów
22-04-2026 08:21:23 ; DEBUG ; Przeczytano wiersz stacji (PmKosTargowa): 178 bajtów
22-04-2026 08:21:23 ; DEBUG ; Przeczytano wiersz stacji (PmKwiSportow): 163 bajtów
22-04-2026 08:21:23 ; DEBUG ; Przeczytano wiersz stacji (PmLebaRabka1): 153 bajtów
22-04-2026 08:21:23 ; DEBUG ; Przeczytano wiersz stacji (PmLebMalczew): 180 bajtów
22-04-2026 08:21:23 ; DEBUG ; Przeczytano wiersz stacji (PmLinieKosci): 176 bajtów
22-04-2026 08:21:23 ; DEBUG ; Przeczytano wiersz stacji (PmMalMickiew): 176 bajtów
22-04-2026 08:21:23 ; DEBUG ; Przeczytano wiersz stacji (PmSlupKniazi): 169 bajtów
22-04-2026 08:21:23 ; DEBUG ; Przeczytano wiersz stacji (PmSlupOrzesz): 180 bajtów
22-04-2026 08:21:23 ; DEBUG ; Przeczytano wiersz stacji (PmSopBiPlowc): 165 bajtów
22-04-2026 08:21:23 ; DEBUG ; Przeczytano wiersz stacji (PmSopBitPl06): 161 bajtów
22-04-2026 08:21:23 ; DEBUG ; Przeczytano wiersz stacji (PmStaGdaLubi): 209 bajtów
22-04-2026 08:21:23 ; DEBUG ; Przeczytano wiersz stacji (PmTczeTarg07): 149 bajtów
22-04-2026 08:21:23 ; DEBUG ; Przeczytano wiersz stacji (PmUstkaRybacMOB): 138 bajtów
22-04-2026 08:21:23 ; DEBUG ; Przeczytano wiersz stacji (PmWejhDworco): 156 bajtów
22-04-2026 08:21:23 ; DEBUG ; Przeczytano wiersz stacji (PmWejhPlWejh): 194 bajtów
22-04-2026 08:21:23 ; DEBUG ; Przeczytano wiersz stacji (PmWladywHallera): 192 bajtów
22-04-2026 08:21:23 ; DEBUG ; Przeczytano wiersz stacji (SkBuskoRzew): 171 bajtów
22-04-2026 08:21:23 ; DEBUG ; Przeczytano wiersz stacji (SkBuskoWios): 172 bajtów
22-04-2026 08:21:23 ; DEBUG ; Przeczytano wiersz stacji (SkBuskRokosz): 181 bajtów
22-04-2026 08:21:23 ; DEBUG ; Przeczytano wiersz stacji (SkChecBiaZag): 177 bajtów
22-04-2026 08:21:23 ; DEBUG ; Przeczytano wiersz stacji (SkGoluUjWody): 164 bajtów
22-04-2026 08:21:23 ; DEBUG ; Przeczytano wiersz stacji (SkJedrMieszkMOB): 157 bajtów
22-04-2026 08:21:23 ; DEBUG ; Przeczytano wiersz stacji (SkKaziWSzkolMOB): 172 bajtów
22-04-2026 08:21:23 ; DEBUG ; Przeczytano wiersz stacji (SkKielGalcz): 167 bajtów
22-04-2026 08:21:23 ; DEBUG ; Przeczytano wiersz stacji (SkKielIXWiek): 162 bajtów
22-04-2026 08:21:23 ; DEBUG ; Przeczytano wiersz stacji (SkKielJagiel): 191 bajtów
22-04-2026 08:21:23 ; DEBUG ; Przeczytano wiersz stacji (SkKielJagielWSSE): 176 bajtów
22-04-2026 08:21:23 ; DEBUG ; Przeczytano wiersz stacji (SkKielJurajs): 165 bajtów
22-04-2026 08:21:23 ; DEBUG ; Przeczytano wiersz stacji (SkKielKusoci): 196 bajtów
22-04-2026 08:21:23 ; DEBUG ; Przeczytano wiersz stacji (SkKielTargow): 152 bajtów
22-04-2026 08:21:23 ; DEBUG ; Przeczytano wiersz stacji (SkKielTransp): 177 bajtów
22-04-2026 08:21:23 ; DEBUG ; Przeczytano wiersz stacji (SkKielWarsz1): 173 bajtów
22-04-2026 08:21:23 ; DEBUG ; Przeczytano wiersz stacji (SkKielWarsza): 169 bajtów
22-04-2026 08:21:23 ; DEBUG ; Przeczytano wiersz stacji (SkKonsGranatMOB): 159 bajtów
22-04-2026 08:21:23 ; DEBUG ; Przeczytano wiersz stacji (SkKonskArmKr): 171 bajtów
22-04-2026 08:21:23 ; DEBUG ; Przeczytano wiersz stacji (SkLagowZaploMOB): 147 bajtów
22-04-2026 08:21:23 ; DEBUG ; Przeczytano wiersz stacji (SkMalo11List): 179 bajtów
22-04-2026 08:21:23 ; DEBUG ; Przeczytano wiersz stacji (SkMalogCemen): 176 bajtów
22-04-2026 08:21:23 ; DEBUG ; Przeczytano wiersz stacji (SkMalogCemen2): 172 bajtów
22-04-2026 08:21:23 ; DEBUG ; Przeczytano wiersz stacji (SkMaloSlonec): 169 bajtów
22-04-2026 08:21:23 ; DEBUG ; Przeczytano wiersz stacji (SKNowinyCemen): 178 bajtów
22-04-2026 08:21:23 ; DEBUG ; Przeczytano wiersz stacji (SkNowiParkow): 167 bajtów
22-04-2026 08:21:23 ; DEBUG ; Przeczytano wiersz stacji (SkOpatPartyz): 187 bajtów
22-04-2026 08:21:23 ; DEBUG ; Przeczytano wiersz stacji (SkOstrOsSlonMOB): 191 bajtów
22-04-2026 08:21:23 ; DEBUG ; Przeczytano wiersz stacji (SkOstrowKatD): 190 bajtów
22-04-2026 08:21:23 ; DEBUG ; Przeczytano wiersz stacji (SkOstrowOsSl): 190 bajtów
22-04-2026 08:21:23 ; DEBUG ; Przeczytano wiersz stacji (SkOstrowSams): 206 bajtów
22-04-2026 08:21:23 ; DEBUG ; Przeczytano wiersz stacji (SkOstrowWios): 192 bajtów
22-04-2026 08:21:23 ; DEBUG ; Przeczytano wiersz stacji (SkOzarOsWzgo): 178 bajtów
22-04-2026 08:21:23 ; DEBUG ; Przeczytano wiersz stacji (SkOzarowMiec): 163 bajtów
22-04-2026 08:21:23 ; DEBUG ; Przeczytano wiersz stacji (SkOzarowOsWz): 169 bajtów
22-04-2026 08:21:23 ; DEBUG ; Przeczytano wiersz stacji (SkPincz1MajaMOB): 154 bajtów
22-04-2026 08:21:23 ; DEBUG ; Przeczytano wiersz stacji (SkPolaRuszcz): 182 bajtów
22-04-2026 08:21:23 ; DEBUG ; Przeczytano wiersz stacji (SkSandomMac): 171 bajtów
22-04-2026 08:21:23 ; DEBUG ; Przeczytano wiersz stacji (SkSandZielnaMOB): 152 bajtów
22-04-2026 08:21:23 ; DEBUG ; Przeczytano wiersz stacji (SkSkarZielnaMOB): 171 bajtów
22-04-2026 08:21:23 ; DEBUG ; Przeczytano wiersz stacji (SkSkarzSlow): 188 bajtów
22-04-2026 08:21:23 ; DEBUG ; Przeczytano wiersz stacji (SkSolecZdroj): 161 bajtów
22-04-2026 08:21:23 ; DEBUG ; Przeczytano wiersz stacji (SkStaracMur): 166 bajtów
22-04-2026 08:21:23 ; DEBUG ; Przeczytano wiersz stacji (SkStaracZlota): 157 bajtów
22-04-2026 08:21:23 ; DEBUG ; Przeczytano wiersz stacji (SkStaraZlota): 174 bajtów
22-04-2026 08:21:23 ; DEBUG ; Przeczytano wiersz stacji (SkSwietKrzyz): 180 bajtów
22-04-2026 08:21:23 ; DEBUG ; Przeczytano wiersz stacji (SkTrzciOsiek): 173 bajtów
22-04-2026 08:21:23 ; DEBUG ; Przeczytano wiersz stacji (SkWloszKilinMOB): 167 bajtów
22-04-2026 08:21:23 ; DEBUG ; Przeczytano wiersz stacji (SlBedziBedz_kosci): 148 bajtów
22-04-2026 08:21:23 ; DEBUG ; Przeczytano wiersz stacji (SlBielbBiel_broni): 160 bajtów
22-04-2026 08:21:23 ; DEBUG ; Przeczytano wiersz stacji (SlBielbBiel_langi): 159 bajtów
22-04-2026 08:21:23 ; DEBUG ; Przeczytano wiersz stacji (SlBielKossak): 199 bajtów
22-04-2026 08:21:23 ; DEBUG ; Przeczytano wiersz stacji (SlBielPartyz): 177 bajtów
22-04-2026 08:21:23 ; DEBUG ; Przeczytano wiersz stacji (SlBielSterni): 182 bajtów
22-04-2026 08:21:23 ; DEBUG ; Przeczytano wiersz stacji (SlBytomByto_modrz): 163 bajtów
22-04-2026 08:21:23 ; DEBUG ; Przeczytano wiersz stacji (SlBytomByto_parko): 126 bajtów
22-04-2026 08:21:23 ; DEBUG ; Przeczytano wiersz stacji (SlChorzChor_bator): 182 bajtów
22-04-2026 08:21:23 ; DEBUG ; Przeczytano wiersz stacji (SlCiesChopin): 148 bajtów
22-04-2026 08:21:23 ; DEBUG ; Przeczytano wiersz stacji (SlCiesMickie): 186 bajtów
22-04-2026 08:21:23 ; DEBUG ; Przeczytano wiersz stacji (SlCieszCies_dojaz): 166 bajtów
22-04-2026 08:21:23 ; DEBUG ; Przeczytano wiersz stacji (SlCieszCies_rynek): 148 bajtów
22-04-2026 08:21:23 ; DEBUG ; Przeczytano wiersz stacji (SlCzerKopaln): 176 bajtów
22-04-2026 08:21:23 ; DEBUG ; Przeczytano wiersz stacji (SlCzestCzes_arkra): 186 bajtów
22-04-2026 08:21:23 ; DEBUG ; Przeczytano wiersz stacji (SlCzestCzes_biega): 161 bajtów
22-04-2026 08:21:23 ; DEBUG ; Przeczytano wiersz stacji (SlCzestCzes_boyaz): 164 bajtów
22-04-2026 08:21:23 ; DEBUG ; Przeczytano wiersz stacji (SlCzestCzes_rzasa): 166 bajtów
22-04-2026 08:21:23 ; DEBUG ; Przeczytano wiersz stacji (SlCzestoArmK): 200 bajtów
22-04-2026 08:21:23 ; DEBUG ; Przeczytano wiersz stacji (SlCzestoBacz): 186 bajtów
22-04-2026 08:21:23 ; DEBUG ; Przeczytano wiersz stacji (SlCzestoZana): 168 bajtów
22-04-2026 08:21:23 ; DEBUG ; Przeczytano wiersz stacji (SlDabroDabr_legio): 154 bajtów
22-04-2026 08:21:23 ; DEBUG ; Przeczytano wiersz stacji (SlDabroDabr_ziolo): 170 bajtów
22-04-2026 08:21:23 ; DEBUG ; Przeczytano wiersz stacji (SlDabroTysia): 213 bajtów
22-04-2026 08:21:23 ; DEBUG ; Przeczytano wiersz stacji (SlGliwicMewy): 158 bajtów
22-04-2026 08:21:23 ; DEBUG ; Przeczytano wiersz stacji (SlGliwiGliw_kujaw): 148 bajtów
22-04-2026 08:21:23 ; DEBUG ; Przeczytano wiersz stacji (SlGoczaUzdroMOB): 161 bajtów
22-04-2026 08:21:23 ; DEBUG ; Przeczytano wiersz stacji (SlGodGliniki): 164 bajtów
22-04-2026 08:21:23 ; DEBUG ; Przeczytano wiersz stacji (SlJastrJast_harce): 180 bajtów
22-04-2026 08:21:23 ; DEBUG ; Przeczytano wiersz stacji (SlJastrZdroj): 219 bajtów
22-04-2026 08:21:23 ; DEBUG ; Przeczytano wiersz stacji (SlJaworJawo_poczt): 166 bajtów
22-04-2026 08:21:23 ; DEBUG ; Przeczytano wiersz stacji (SlKatoKossut): 168 bajtów
22-04-2026 08:21:23 ; DEBUG ; Przeczytano wiersz stacji (SlKatoPlebA4): 188 bajtów
22-04-2026 08:21:23 ; DEBUG ; Przeczytano wiersz stacji (SlKatowKato_racib): 171 bajtów
22-04-2026 08:21:23 ; DEBUG ; Przeczytano wiersz stacji (SlKatowKato_weste): 151 bajtów
22-04-2026 08:21:23 ; DEBUG ; Przeczytano wiersz stacji (SlKlobuKlob_zamko): 148 bajtów
22-04-2026 08:21:23 ; DEBUG ; Przeczytano wiersz stacji (SlKnurJedNar): 188 bajtów
22-04-2026 08:21:23 ; DEBUG ; Przeczytano wiersz stacji (SlKuzniGliw_wiejs): 168 bajtów
22-04-2026 08:21:23 ; DEBUG ; Przeczytano wiersz stacji (SlLubliLubl_dworc): 152 bajtów
22-04-2026 08:21:23 ; DEBUG ; Przeczytano wiersz stacji (SlLublPiasko): 180 bajtów
22-04-2026 08:21:23 ; DEBUG ; Przeczytano wiersz stacji (SlLublSzymal): 172 bajtów
22-04-2026 08:21:23 ; DEBUG ; Przeczytano wiersz stacji (SlMiastMias_norwi): 181 bajtów
22-04-2026 08:21:23 ; DEBUG ; Przeczytano wiersz stacji (SlMiastMias_wycis): 171 bajtów
22-04-2026 08:21:23 ; DEBUG ; Przeczytano wiersz stacji (SlMiastMias_zygli): 167 bajtów
22-04-2026 08:21:23 ; DEBUG ; Przeczytano wiersz stacji (SlMyszkMysz_straz): 153 bajtów
22-04-2026 08:21:23 ; DEBUG ; Przeczytano wiersz stacji (SlMyszMiedzi): 168 bajtów
22-04-2026 08:21:23 ; DEBUG ; Przeczytano wiersz stacji (SlPiekaPiek_darwi): 154 bajtów
22-04-2026 08:21:23 ; DEBUG ; Przeczytano wiersz stacji (SlPiekaPiek_party): 146 bajtów
22-04-2026 08:21:23 ; DEBUG ; Przeczytano wiersz stacji (SlPszczBoged): 178 bajtów
22-04-2026 08:21:23 ; DEBUG ; Przeczytano wiersz stacji (SlRaciborzWPMOB): 152 bajtów
22-04-2026 08:21:23 ; DEBUG ; Przeczytano wiersz stacji (SlRacibRaci_boruc): 145 bajtów
22-04-2026 08:21:23 ; DEBUG ; Przeczytano wiersz stacji (SlRacibRaci_studz): 180 bajtów
22-04-2026 08:21:23 ; DEBUG ; Przeczytano wiersz stacji (SlRacibRaci_towar): 167 bajtów
22-04-2026 08:21:23 ; DEBUG ; Przeczytano wiersz stacji (SlRudasRuda_1maja): 149 bajtów
22-04-2026 08:21:23 ; DEBUG ; Przeczytano wiersz stacji (SlRybniBorki): 161 bajtów
22-04-2026 08:21:23 ; DEBUG ; Przeczytano wiersz stacji (SlRybniRybn_janie): 152 bajtów
22-04-2026 08:21:23 ; DEBUG ; Przeczytano wiersz stacji (SlRybniRybn_szafr): 160 bajtów
22-04-2026 08:21:23 ; DEBUG ; Przeczytano wiersz stacji (SlSosnoLubel): 171 bajtów
22-04-2026 08:21:23 ; DEBUG ; Przeczytano wiersz stacji (SlSosnoSosn_narut): 172 bajtów
22-04-2026 08:21:23 ; DEBUG ; Przeczytano wiersz stacji (SlTarnoLitew): 184 bajtów
22-04-2026 08:21:23 ; DEBUG ; Przeczytano wiersz stacji (SlTychyTolst): 164 bajtów
22-04-2026 08:21:23 ; DEBUG ; Przeczytano wiersz stacji (SlUstroCies_sanat): 151 bajtów
22-04-2026 08:21:23 ; DEBUG ; Przeczytano wiersz stacji (SlUstronSana): 175 bajtów
22-04-2026 08:21:23 ; DEBUG ; Przeczytano wiersz stacji (SlWodzGalczy): 204 bajtów
22-04-2026 08:21:23 ; DEBUG ; Przeczytano wiersz stacji (SlWodziWodz_bogum): 184 bajtów
22-04-2026 08:21:23 ; DEBUG ; Przeczytano wiersz stacji (SlWojkoBedz_pader): 155 bajtów
22-04-2026 08:21:23 ; DEBUG ; Przeczytano wiersz stacji (SlZabrzZabr_3maja): 129 bajtów
22-04-2026 08:21:23 ; DEBUG ; Przeczytano wiersz stacji (SlZabrzZabr_wolno): 141 bajtów
22-04-2026 08:21:23 ; DEBUG ; Przeczytano wiersz stacji (SlZabSkloCur): 201 bajtów
22-04-2026 08:21:23 ; DEBUG ; Przeczytano wiersz stacji (SlZawGalczyn): 192 bajtów
22-04-2026 08:21:23 ; DEBUG ; Przeczytano wiersz stacji (SlZawieZawi_listo): 156 bajtów
22-04-2026 08:21:23 ; DEBUG ; Przeczytano wiersz stacji (SlZawieZawi_pilsu): 157 bajtów
22-04-2026 08:21:23 ; DEBUG ; Przeczytano wiersz stacji (SlZawSkloCur): 207 bajtów
22-04-2026 08:21:23 ; DEBUG ; Przeczytano wiersz stacji (SlZlotPotLes): 195 bajtów
22-04-2026 08:21:23 ; DEBUG ; Przeczytano wiersz stacji (SlZorymZory_wojsk): 167 bajtów
22-04-2026 08:21:23 ; DEBUG ; Przeczytano wiersz stacji (SlZorySikor2): 182 bajtów
22-04-2026 08:21:23 ; DEBUG ; Przeczytano wiersz stacji (SlZorySikors): 200 bajtów
22-04-2026 08:21:23 ; DEBUG ; Przeczytano wiersz stacji (SlZywieKoper): 171 bajtów
22-04-2026 08:21:23 ; DEBUG ; Przeczytano wiersz stacji (SlZywieSlowa): 185 bajtów
22-04-2026 08:21:23 ; DEBUG ; Przeczytano wiersz stacji (SlZywieZywi_krasi): 150 bajtów
22-04-2026 08:21:23 ; DEBUG ; Przeczytano wiersz stacji (WmBartoWSSE_Boh_War): 169 bajtów
22-04-2026 08:21:23 ; DEBUG ; Przeczytano wiersz stacji (WmBiskupMickMOB): 164 bajtów
22-04-2026 08:21:23 ; DEBUG ; Przeczytano wiersz stacji (WmDzialdWSSE_Biedraw): 158 bajtów
22-04-2026 08:21:23 ; DEBUG ; Przeczytano wiersz stacji (WmElbBazynsk): 190 bajtów
22-04-2026 08:21:23 ; DEBUG ; Przeczytano wiersz stacji (WmElblagWSSE_Hetma): 165 bajtów
22-04-2026 08:21:23 ; DEBUG ; Przeczytano wiersz stacji (WmElblagWSSE_Kalen): 173 bajtów
22-04-2026 08:21:23 ; DEBUG ; Przeczytano wiersz stacji (WmElblagWSSE_Krole): 171 bajtów
22-04-2026 08:21:23 ; DEBUG ; Przeczytano wiersz stacji (WmElblagWSSE_Zajchow): 175 bajtów
22-04-2026 08:21:23 ; DEBUG ; Przeczytano wiersz stacji (WmElk_WSSE_Toru): 156 bajtów
22-04-2026 08:21:23 ; DEBUG ; Przeczytano wiersz stacji (WmElkStadion): 165 bajtów
22-04-2026 08:21:23 ; DEBUG ; Przeczytano wiersz stacji (WmElkWIOS_PM10): 163 bajtów
22-04-2026 08:21:23 ; DEBUG ; Przeczytano wiersz stacji (WmGizyckWIOS_Wodoc): 174 bajtów
22-04-2026 08:21:23 ; DEBUG ; Przeczytano wiersz stacji (WmGizyckWSSE_Suwals): 164 bajtów
22-04-2026 08:21:23 ; DEBUG ; Przeczytano wiersz stacji (WmGlitajn): 163 bajtów
22-04-2026 08:21:23 ; DEBUG ; Przeczytano wiersz stacji (WmGoldJacwie): 185 bajtów
22-04-2026 08:21:23 ; DEBUG ; Przeczytano wiersz stacji (WmGoldUzdrowMOB): 167 bajtów
22-04-2026 08:21:23 ; DEBUG ; Przeczytano wiersz stacji (WmIlawAnders): 171 bajtów
22-04-2026 08:21:23 ; DEBUG ; Przeczytano wiersz stacji (WmIlawaWSSE_Anders): 157 bajtów
22-04-2026 08:21:23 ; DEBUG ; Przeczytano wiersz stacji (WmKetrWojPolMOB): 171 bajtów
22-04-2026 08:21:23 ; DEBUG ; Przeczytano wiersz stacji (WmKetrzWSSE_Pilsud): 171 bajtów
22-04-2026 08:21:23 ; DEBUG ; Przeczytano wiersz stacji (WmKorszeR): 158 bajtów
22-04-2026 08:21:23 ; DEBUG ; Przeczytano wiersz stacji (WmMragowWSSE_Krolew): 166 bajtów
22-04-2026 08:21:23 ; DEBUG ; Przeczytano wiersz stacji (WmMragParkow): 193 bajtów
22-04-2026 08:21:23 ; DEBUG ; Przeczytano wiersz stacji (WmNiTraugutt): 185 bajtów
22-04-2026 08:21:23 ; DEBUG ; Przeczytano wiersz stacji (WmNMLDzialyn): 206 bajtów
22-04-2026 08:21:23 ; DEBUG ; Przeczytano wiersz stacji (WmOlsPuszkin): 181 bajtów
22-04-2026 08:21:23 ; DEBUG ; Przeczytano wiersz stacji (WmOlsztyWSSE_Niepodl): 182 bajtów
22-04-2026 08:21:23 ; DEBUG ; Przeczytano wiersz stacji (WmOlsztyWSSE_Zolnier): 172 bajtów
22-04-2026 08:21:23 ; DEBUG ; Przeczytano wiersz stacji (WmOstrChrobr): 199 bajtów
22-04-2026 08:21:23 ; DEBUG ; Przeczytano wiersz stacji (WmOstrodWSSE_Czarnec): 171 bajtów
22-04-2026 08:21:23 ; DEBUG ; Przeczytano wiersz stacji (WmOstrPilsud): 168 bajtów
22-04-2026 08:21:23 ; DEBUG ; Przeczytano wiersz stacji (WmPuszczaBor): 183 bajtów
22-04-2026 08:21:23 ; DEBUG ; Przeczytano wiersz stacji (WmSzczPolskMOB): 156 bajtów
22-04-2026 08:21:23 ; DEBUG ; Przeczytano wiersz stacji (WmSzczytWSSE_Sklodow): 181 bajtów
22-04-2026 08:21:23 ; DEBUG ; Przeczytano wiersz stacji (WpBoroDrapal): 175 bajtów
22-04-2026 08:21:23 ; DEBUG ; Przeczytano wiersz stacji (WpChodziez57196): 143 bajtów
22-04-2026 08:21:23 ; DEBUG ; Przeczytano wiersz stacji (WpGniePaczko): 186 bajtów
22-04-2026 08:21:23 ; DEBUG ; Przeczytano wiersz stacji (WpGniezno63302): 149 bajtów
22-04-2026 08:21:23 ; DEBUG ; Przeczytano wiersz stacji (WpGnieznoPM10): 170 bajtów
22-04-2026 08:21:23 ; DEBUG ; Przeczytano wiersz stacji (WpGostyn41153): 160 bajtów
22-04-2026 08:21:23 ; DEBUG ; Przeczytano wiersz stacji (WpJarocin25218): 133 bajtów
22-04-2026 08:21:23 ; DEBUG ; Przeczytano wiersz stacji (WpKaliSawick): 177 bajtów
22-04-2026 08:21:23 ; DEBUG ; Przeczytano wiersz stacji (WpKalisz25001): 140 bajtów
22-04-2026 08:21:23 ; DEBUG ; Przeczytano wiersz stacji (WpKalisz25002): 142 bajtów
22-04-2026 08:21:23 ; DEBUG ; Przeczytano wiersz stacji (WpKaliszMajkow): 148 bajtów
22-04-2026 08:21:23 ; DEBUG ; Przeczytano wiersz stacji (WpKaliszPM10): 164 bajtów
22-04-2026 08:21:23 ; DEBUG ; Przeczytano wiersz stacji (WpKaliszRynek251010): 147 bajtów
22-04-2026 08:21:23 ; DEBUG ; Przeczytano wiersz stacji (WpKolo31186): 126 bajtów
22-04-2026 08:21:23 ; DEBUG ; Przeczytano wiersz stacji (WpKonin31017): 155 bajtów
22-04-2026 08:21:23 ; DEBUG ; Przeczytano wiersz stacji (WpKonin31018): 129 bajtów
22-04-2026 08:21:23 ; DEBUG ; Przeczytano wiersz stacji (WpKoninStaszica): 136 bajtów
22-04-2026 08:21:23 ; DEBUG ; Przeczytano wiersz stacji (WpKoniWyszyn): 180 bajtów
22-04-2026 08:21:23 ; DEBUG ; Przeczytano wiersz stacji (WpKoscian41251): 142 bajtów
22-04-2026 08:21:23 ; DEBUG ; Przeczytano wiersz stacji (WpKoscianMayMOB): 133 bajtów
22-04-2026 08:21:23 ; DEBUG ; Przeczytano wiersz stacji (WpKozieosLes): 162 bajtów
22-04-2026 08:21:23 ; DEBUG ; Przeczytano wiersz stacji (WpKrotoszyn25315): 151 bajtów
22-04-2026 08:21:23 ; DEBUG ; Przeczytano wiersz stacji (WpLeszKiepur): 181 bajtów
22-04-2026 08:21:23 ; DEBUG ; Przeczytano wiersz stacji (WpLeszno411000): 173 bajtów
22-04-2026 08:21:23 ; DEBUG ; Przeczytano wiersz stacji (WpLeszno41501): 132 bajtów
22-04-2026 08:21:23 ; DEBUG ; Przeczytano wiersz stacji (WpLesznoOkrezna): 144 bajtów
22-04-2026 08:21:23 ; DEBUG ; Przeczytano wiersz stacji (WpLubon63217): 150 bajtów
22-04-2026 08:21:23 ; DEBUG ; Przeczytano wiersz stacji (WpMosinaCzer): 160 bajtów
22-04-2026 08:21:23 ; DEBUG ; Przeczytano wiersz stacji (WpNoTomSzpit): 191 bajtów
22-04-2026 08:21:23 ; DEBUG ; Przeczytano wiersz stacji (WpNoweSkalmierzyce): 159 bajtów
22-04-2026 08:21:23 ; DEBUG ; Przeczytano wiersz stacji (WpNTomysl63700): 150 bajtów
22-04-2026 08:21:23 ; DEBUG ; Przeczytano wiersz stacji (WpOborniki63): 127 bajtów
22-04-2026 08:21:23 ; DEBUG ; Przeczytano wiersz stacji (WpOdolanow): 128 bajtów
22-04-2026 08:21:23 ; DEBUG ; Przeczytano wiersz stacji (WpOpatowek): 117 bajtów
22-04-2026 08:21:23 ; DEBUG ; Przeczytano wiersz stacji (WpOstrowWlkp.25103): 167 bajtów
22-04-2026 08:21:23 ; DEBUG ; Przeczytano wiersz stacji (WpOstWieWyso): 210 bajtów
22-04-2026 08:21:23 ; DEBUG ; Przeczytano wiersz stacji (WpPiaskiKrzy): 163 bajtów
22-04-2026 08:21:23 ; DEBUG ; Przeczytano wiersz stacji (WpPila57192): 126 bajtów
22-04-2026 08:21:23 ; DEBUG ; Przeczytano wiersz stacji (WpPilaKusoci): 176 bajtów
22-04-2026 08:21:23 ; DEBUG ; Przeczytano wiersz stacji (WpPleszAlMic): 179 bajtów
22-04-2026 08:21:23 ; DEBUG ; Przeczytano wiersz stacji (WpPoznan63003): 138 bajtów
22-04-2026 08:21:23 ; DEBUG ; Przeczytano wiersz stacji (WpPoznan63043): 132 bajtów
22-04-2026 08:21:23 ; DEBUG ; Przeczytano wiersz stacji (WpPoznan63047): 148 bajtów
22-04-2026 08:21:23 ; DEBUG ; Przeczytano wiersz stacji (WpPoznan63097): 142 bajtów
22-04-2026 08:21:23 ; DEBUG ; Przeczytano wiersz stacji (WpPoznan63099): 142 bajtów
22-04-2026 08:21:23 ; DEBUG ; Przeczytano wiersz stacji (WpPoznan63117): 164 bajtów
22-04-2026 08:21:23 ; DEBUG ; Przeczytano wiersz stacji (WpPoznan63123): 149 bajtów
22-04-2026 08:21:23 ; DEBUG ; Przeczytano wiersz stacji (WpPoznanPM10szpital): 176 bajtów
22-04-2026 08:21:23 ; DEBUG ; Przeczytano wiersz stacji (WpPoznDabrow): 174 bajtów
22-04-2026 08:21:23 ; DEBUG ; Przeczytano wiersz stacji (WpPoznPolank): 168 bajtów
22-04-2026 08:21:23 ; DEBUG ; Przeczytano wiersz stacji (WpPoznRatajeMOB): 143 bajtów
22-04-2026 08:21:23 ; DEBUG ; Przeczytano wiersz stacji (WpPoznSpycha): 204 bajtów
22-04-2026 08:21:23 ; DEBUG ; Przeczytano wiersz stacji (WpPoznSzwajc): 157 bajtów
22-04-2026 08:21:23 ; DEBUG ; Przeczytano wiersz stacji (WpPoznSzyman): 196 bajtów
22-04-2026 08:21:23 ; DEBUG ; Przeczytano wiersz stacji (WpRawicz41303): 152 bajtów
22-04-2026 08:21:23 ; DEBUG ; Przeczytano wiersz stacji (WpSwarzedz): 151 bajtów
22-04-2026 08:21:23 ; DEBUG ; Przeczytano wiersz stacji (WpSwarzedz63224): 160 bajtów
22-04-2026 08:21:23 ; DEBUG ; Przeczytano wiersz stacji (WpSzamotKollMOB): 177 bajtów
22-04-2026 08:21:23 ; DEBUG ; Przeczytano wiersz stacji (WpSzamotuly63602): 144 bajtów
22-04-2026 08:21:23 ; DEBUG ; Przeczytano wiersz stacji (WpTarPodZach): 216 bajtów
22-04-2026 08:21:23 ; DEBUG ; Przeczytano wiersz stacji (WpTurek31046): 137 bajtów
22-04-2026 08:21:23 ; DEBUG ; Przeczytano wiersz stacji (WpWagrowiec57203): 143 bajtów
22-04-2026 08:21:23 ; DEBUG ; Przeczytano wiersz stacji (WpWagrowLipo): 177 bajtów
22-04-2026 08:21:23 ; DEBUG ; Przeczytano wiersz stacji (WpWKP003): 144 bajtów
22-04-2026 08:21:23 ; DEBUG ; Przeczytano wiersz stacji (WpWKP008): 141 bajtów
22-04-2026 08:21:23 ; DEBUG ; Przeczytano wiersz stacji (WpWKP009): 142 bajtów
22-04-2026 08:21:23 ; DEBUG ; Przeczytano wiersz stacji (WpWKP010): 136 bajtów
22-04-2026 08:21:23 ; DEBUG ; Przeczytano wiersz stacji (WpWrzesnia63346): 163 bajtów
22-04-2026 08:21:23 ; DEBUG ; Przeczytano wiersz stacji (ZpGolGoleniowWSSE): 144 bajtów
22-04-2026 08:21:23 ; DEBUG ; Przeczytano wiersz stacji (ZpGryfGryfinoDO): 160 bajtów
22-04-2026 08:21:23 ; DEBUG ; Przeczytano wiersz stacji (ZpGryficeWSSE): 137 bajtów
22-04-2026 08:21:23 ; DEBUG ; Przeczytano wiersz stacji (ZpGryfinoWSSE): 144 bajtów
22-04-2026 08:21:23 ; DEBUG ; Przeczytano wiersz stacji (ZpGryfMarwiceDO): 148 bajtów
22-04-2026 08:21:23 ; DEBUG ; Przeczytano wiersz stacji (ZpGryfStokiDO): 142 bajtów
22-04-2026 08:21:23 ; DEBUG ; Przeczytano wiersz stacji (ZpKamKamienPWSSE): 164 bajtów
22-04-2026 08:21:23 ; DEBUG ; Przeczytano wiersz stacji (ZpKamSzpitalMOB): 173 bajtów
22-04-2026 08:21:23 ; DEBUG ; Przeczytano wiersz stacji (ZpKolKasprowMOB): 169 bajtów
22-04-2026 08:21:23 ; DEBUG ; Przeczytano wiersz stacji (ZpKolKolobrzegWSSE): 157 bajtów
22-04-2026 08:21:23 ; DEBUG ; Przeczytano wiersz stacji (ZpKolobrzegWSSE_1): 160 bajtów
22-04-2026 08:21:23 ; DEBUG ; Przeczytano wiersz stacji (ZpKolobrzegWSSE_2): 150 bajtów
22-04-2026 08:21:23 ; DEBUG ; Przeczytano wiersz stacji (ZpKolZolkiew): 184 bajtów
22-04-2026 08:21:23 ; DEBUG ; Przeczytano wiersz stacji (ZpKoszalinWSSE): 159 bajtów
22-04-2026 08:21:23 ; DEBUG ; Przeczytano wiersz stacji (ZpKoszArKraj): 193 bajtów
22-04-2026 08:21:23 ; DEBUG ; Przeczytano wiersz stacji (ZpKoszChopin): 160 bajtów
22-04-2026 08:21:23 ; DEBUG ; Przeczytano wiersz stacji (ZpKoszSpasow): 188 bajtów
22-04-2026 08:21:23 ; DEBUG ; Przeczytano wiersz stacji (ZpKoszWSSEMors): 143 bajtów
22-04-2026 08:21:23 ; DEBUG ; Przeczytano wiersz stacji (ZpKoszWSSEMtCas): 154 bajtów
22-04-2026 08:21:23 ; DEBUG ; Przeczytano wiersz stacji (ZpMysDebnoWSSE): 135 bajtów
22-04-2026 08:21:23 ; DEBUG ; Przeczytano wiersz stacji (ZpMyslMWSSE): 163 bajtów
22-04-2026 08:21:23 ; DEBUG ; Przeczytano wiersz stacji (ZpMyslZaBram): 193 bajtów
22-04-2026 08:21:23 ; DEBUG ; Przeczytano wiersz stacji (ZpMysMysliborzWSSE): 163 bajtów
22-04-2026 08:21:23 ; DEBUG ; Przeczytano wiersz stacji (ZpPolczSolanMOB): 170 bajtów
22-04-2026 08:21:23 ; DEBUG ; Przeczytano wiersz stacji (ZpPolczynZdrWSSE): 146 bajtów
22-04-2026 08:21:23 ; DEBUG ; Przeczytano wiersz stacji (ZpPolPoliceWSSE): 136 bajtów
22-04-2026 08:21:23 ; DEBUG ; Przeczytano wiersz stacji (ZpStarLipnikDO): 145 bajtów
22-04-2026 08:21:23 ; DEBUG ; Przeczytano wiersz stacji (ZpStarStargardWSSE): 190 bajtów
22-04-2026 08:21:23 ; DEBUG ; Przeczytano wiersz stacji (ZpSwinMatejkMOB): 170 bajtów
22-04-2026 08:21:23 ; DEBUG ; Przeczytano wiersz stacji (ZpSwinoujscieWSSE): 177 bajtów
22-04-2026 08:21:23 ; DEBUG ; Przeczytano wiersz stacji (ZpSzcStorkowoDO): 162 bajtów
22-04-2026 08:21:23 ; DEBUG ; Przeczytano wiersz stacji (ZpSzcSzczecinek009): 189 bajtów
22-04-2026 08:21:23 ; DEBUG ; Przeczytano wiersz stacji (ZpSzcSzczecinekPSSE): 177 bajtów
22-04-2026 08:21:23 ; DEBUG ; Przeczytano wiersz stacji (ZpSzcSzczecinekWSSE): 146 bajtów
22-04-2026 08:21:23 ; DEBUG ; Przeczytano wiersz stacji (ZpSzczAndrze): 203 bajtów
22-04-2026 08:21:23 ; DEBUG ; Przeczytano wiersz stacji (ZpSzczBudzWosMOB): 164 bajtów
22-04-2026 08:21:23 ; DEBUG ; Przeczytano wiersz stacji (ZpSzczec1Maj): 185 bajtów
22-04-2026 08:21:23 ; DEBUG ; Przeczytano wiersz stacji (ZpSzczecinDO): 193 bajtów
22-04-2026 08:21:23 ; DEBUG ; Przeczytano wiersz stacji (ZpSzczecinLukasza): 169 bajtów
22-04-2026 08:21:23 ; DEBUG ; Przeczytano wiersz stacji (ZpSzczecinWSSE): 182 bajtów
22-04-2026 08:21:23 ; DEBUG ; Przeczytano wiersz stacji (ZpSzczecPrze): 199 bajtów
22-04-2026 08:21:23 ; DEBUG ; Przeczytano wiersz stacji (ZpSzczLacz04): 170 bajtów
22-04-2026 08:21:23 ; DEBUG ; Przeczytano wiersz stacji (ZpSzczPilsud): 207 bajtów
22-04-2026 08:21:23 ; DEBUG ; Przeczytano wiersz stacji (ZpSzczWSSEEnerg): 156 bajtów
22-04-2026 08:21:23 ; DEBUG ; Przeczytano wiersz stacji (ZpSzczWSSESped6): 159 bajtów
22-04-2026 08:21:23 ; DEBUG ; Przeczytano wiersz stacji (ZpWalWalczWSSE): 135 bajtów
22-04-2026 08:21:23 ; DEBUG ; Przeczytano wiersz stacji (ZpWiduBulRyb): 179 bajtów
22-04-2026 08:21:23 ; INFO ; Zamknięto plik metadanych. Wczytano 1115 stacji.
22-04-2026 08:22:29 ; INFO ; Otwieranie pliku metadanych: data/stacje.csv
22-04-2026 08:22:29 ; INFO ; Zamknięto plik metadanych. Wczytano 1115 stacji.
22-04-2026 08:23:38 ; INFO ; Otwieranie pliku metadanych: data/stacje.csv
22-04-2026 08:23:38 ; INFO ; Zamknięto plik metadanych. Wczytano 1115 stacji.
