2026.04.19 17:02:13 INFO  Started: Metals version 1.6.7 in folders 'C:\Users\mateu\OneDrive\Desktop\Wszystko\Szkola\PWR\Przedmioty\4 sem\Języki Skryptowe\golinski-zadrozny-grupa-4-jezyki-skryptowe-python' for client Visual Studio Code 1.116.0.
2026.04.19 17:02:13 INFO  Memory monitor started
2026.04.19 17:02:13 WARN  Using H2 2.4.240 which is newer than the version Flyway has been verified with. The latest verified version of H2 is 2.3.232.
2026.04.19 17:02:13 INFO  no build target found for C:\Users\mateu\OneDrive\Desktop\Wszystko\Szkola\PWR\Przedmioty\4 sem\Języki Skryptowe\golinski-zadrozny-grupa-4-jezyki-skryptowe-python\Lista4\src\java\textAnalyzer\src\main\java\org\example\TextAnalyzer.java. Using fallback presentation compiler.
2026.04.19 17:02:14 INFO  no build target found for C:\Users\mateu\OneDrive\Desktop\Wszystko\Szkola\PWR\Przedmioty\4 sem\Języki Skryptowe\golinski-zadrozny-grupa-4-jezyki-skryptowe-python\Lista4\src\java\textAnalyzer\src\main\java\org\example\TextAnalyzer.java. Using fallback presentation compiler.
2026.04.19 17:02:14 WARN  no build tool detected in workspace 'C:\Users\mateu\OneDrive\Desktop\Wszystko\Szkola\PWR\Przedmioty\4 sem\Języki Skryptowe\golinski-zadrozny-grupa-4-jezyki-skryptowe-python'. The most common cause for this problem is that the editor was opened in the wrong working directory, for example if you use sbt then the workspace directory should contain build.sbt. 
2026.04.19 17:02:14 WARN  Build server is not auto-connectable.
2026.04.19 17:02:14 WARN  no build target for: C:\Users\mateu\OneDrive\Desktop\Wszystko\Szkola\PWR\Przedmioty\4 sem\Języki Skryptowe\golinski-zadrozny-grupa-4-jezyki-skryptowe-python\Lista4\src\java\textAnalyzer\src\main\java\org\example\App.java
2026.04.19 17:02:14 WARN  no build target for: C:\Users\mateu\OneDrive\Desktop\Wszystko\Szkola\PWR\Przedmioty\4 sem\Języki Skryptowe\golinski-zadrozny-grupa-4-jezyki-skryptowe-python\Lista4\src\java\textAnalyzer\src\main\java\org\example\TextAnalyzer.java
2026.04.19 17:02:14 WARN  Running javac-semanticdb failed for file:///C:/Users/mateu/OneDrive/Desktop/Wszystko/Szkola/PWR/Przedmioty/4%20sem/Języki%20Skryptowe/golinski-zadrozny-grupa-4-jezyki-skryptowe-python/Lista4/src/java/textAnalyzer/src/main/java/org/example/TextAnalyzer.java. Output:

2026.04.19 17:02:14 WARN  Running javac-semanticdb failed for file:///C:/Users/mateu/OneDrive/Desktop/Wszystko/Szkola/PWR/Przedmioty/4%20sem/Języki%20Skryptowe/golinski-zadrozny-grupa-4-jezyki-skryptowe-python/Lista4/src/java/textAnalyzer/src/main/java/org/example/App.java. Output:

2026.04.19 17:02:17 INFO  no build target found for C:\Users\mateu\OneDrive\Desktop\Wszystko\Szkola\PWR\Przedmioty\4 sem\Języki Skryptowe\golinski-zadrozny-grupa-4-jezyki-skryptowe-python\Lista4\src\java\textAnalyzer\src\main\java\org\example\TextAnalyzer.java. Using fallback presentation compiler.
2026.04.19 17:02:17 INFO  no build target found for C:\Users\mateu\OneDrive\Desktop\Wszystko\Szkola\PWR\Przedmioty\4 sem\Języki Skryptowe\golinski-zadrozny-grupa-4-jezyki-skryptowe-python\Lista4\src\java\textAnalyzer\src\main\java\org\example\TextAnalyzer.java. Using fallback presentation compiler.
2026.04.19 17:02:17 WARN  no build target for: C:\Users\mateu\OneDrive\Desktop\Wszystko\Szkola\PWR\Przedmioty\4 sem\Języki Skryptowe\golinski-zadrozny-grupa-4-jezyki-skryptowe-python\Lista4\src\java\textAnalyzer\src\main\java\org\example\TextAnalyzer.java
2026.04.19 17:02:17 INFO  no build target found for C:\Users\mateu\OneDrive\Desktop\Wszystko\Szkola\PWR\Przedmioty\4 sem\Języki Skryptowe\golinski-zadrozny-grupa-4-jezyki-skryptowe-python\Lista4\src\java\textAnalyzer\src\main\java\org\example\TextAnalyzer.java. Using fallback presentation compiler.
2026.04.19 17:02:17 INFO  no build target found for C:\Users\mateu\OneDrive\Desktop\Wszystko\Szkola\PWR\Przedmioty\4 sem\Języki Skryptowe\golinski-zadrozny-grupa-4-jezyki-skryptowe-python\Lista4\src\java\textAnalyzer\src\main\java\org\example\TextAnalyzer.java. Using fallback presentation compiler.
2026.04.19 17:02:17 INFO  no build target found for C:\Users\mateu\OneDrive\Desktop\Wszystko\Szkola\PWR\Przedmioty\4 sem\Języki Skryptowe\golinski-zadrozny-grupa-4-jezyki-skryptowe-python\Lista4\src\java\textAnalyzer\src\main\java\org\example\TextAnalyzer.java. Using fallback presentation compiler.
2026.04.19 17:02:22 INFO  no build target found for C:\Users\mateu\OneDrive\Desktop\Wszystko\Szkola\PWR\Przedmioty\4 sem\Języki Skryptowe\golinski-zadrozny-grupa-4-jezyki-skryptowe-python\Lista4\src\java\textAnalyzer\src\main\java\org\example\TextAnalyzer.java. Using fallback presentation compiler.
2026.04.19 17:02:25 INFO  no build target found for C:\Users\mateu\OneDrive\Desktop\Wszystko\Szkola\PWR\Przedmioty\4 sem\Języki Skryptowe\golinski-zadrozny-grupa-4-jezyki-skryptowe-python\Lista4\src\java\textAnalyzer\src\main\java\org\example\TextAnalyzer.java. Using fallback presentation compiler.
2026.04.19 17:02:25 INFO  no build target found for C:\Users\mateu\OneDrive\Desktop\Wszystko\Szkola\PWR\Przedmioty\4 sem\Języki Skryptowe\golinski-zadrozny-grupa-4-jezyki-skryptowe-python\Lista4\src\java\textAnalyzer\src\main\java\org\example\TextAnalyzer.java. Using fallback presentation compiler.
2026.04.19 17:02:25 INFO  no build target found for C:\Users\mateu\OneDrive\Desktop\Wszystko\Szkola\PWR\Przedmioty\4 sem\Języki Skryptowe\golinski-zadrozny-grupa-4-jezyki-skryptowe-python\Lista4\src\java\textAnalyzer\src\main\java\org\example\TextAnalyzer.java. Using fallback presentation compiler.
2026.04.19 17:02:28 INFO  no build target found for C:\Users\mateu\OneDrive\Desktop\Wszystko\Szkola\PWR\Przedmioty\4 sem\Języki Skryptowe\golinski-zadrozny-grupa-4-jezyki-skryptowe-python\Lista4\src\java\textAnalyzer\src\main\java\org\example\App.java. Using fallback presentation compiler.
2026.04.19 17:02:28 WARN  no build target for: C:\Users\mateu\OneDrive\Desktop\Wszystko\Szkola\PWR\Przedmioty\4 sem\Języki Skryptowe\golinski-zadrozny-grupa-4-jezyki-skryptowe-python\Lista4\src\java\textAnalyzer\src\main\java\org\example\App.java
2026.04.19 17:02:28 INFO  no build target found for C:\Users\mateu\OneDrive\Desktop\Wszystko\Szkola\PWR\Przedmioty\4 sem\Języki Skryptowe\golinski-zadrozny-grupa-4-jezyki-skryptowe-python\Lista4\src\java\textAnalyzer\src\main\java\org\example\App.java. Using fallback presentation compiler.
2026.04.19 17:02:28 INFO  no build target found for C:\Users\mateu\OneDrive\Desktop\Wszystko\Szkola\PWR\Przedmioty\4 sem\Języki Skryptowe\golinski-zadrozny-grupa-4-jezyki-skryptowe-python\Lista4\src\java\textAnalyzer\src\main\java\org\example\App.java. Using fallback presentation compiler.
2026.04.19 17:02:28 INFO  no build target found for C:\Users\mateu\OneDrive\Desktop\Wszystko\Szkola\PWR\Przedmioty\4 sem\Języki Skryptowe\golinski-zadrozny-grupa-4-jezyki-skryptowe-python\Lista4\src\java\textAnalyzer\src\main\java\org\example\App.java. Using fallback presentation compiler.
2026.04.19 17:02:38 INFO  no build target found for C:\Users\mateu\OneDrive\Desktop\Wszystko\Szkola\PWR\Przedmioty\4 sem\Języki Skryptowe\golinski-zadrozny-grupa-4-jezyki-skryptowe-python\Lista4\src\java\textAnalyzer\src\main\java\org\example\TextAnalyzer.java. Using fallback presentation compiler.
2026.04.19 17:02:38 WARN  no build target for: C:\Users\mateu\OneDrive\Desktop\Wszystko\Szkola\PWR\Przedmioty\4 sem\Języki Skryptowe\golinski-zadrozny-grupa-4-jezyki-skryptowe-python\Lista4\src\java\textAnalyzer\src\main\java\org\example\TextAnalyzer.java
2026.04.19 17:02:38 INFO  no build target found for C:\Users\mateu\OneDrive\Desktop\Wszystko\Szkola\PWR\Przedmioty\4 sem\Języki Skryptowe\golinski-zadrozny-grupa-4-jezyki-skryptowe-python\Lista4\src\java\textAnalyzer\src\main\java\org\example\TextAnalyzer.java. Using fallback presentation compiler.
2026.04.19 17:02:38 INFO  no build target found for C:\Users\mateu\OneDrive\Desktop\Wszystko\Szkola\PWR\Przedmioty\4 sem\Języki Skryptowe\golinski-zadrozny-grupa-4-jezyki-skryptowe-python\Lista4\src\java\textAnalyzer\src\main\java\org\example\TextAnalyzer.java. Using fallback presentation compiler.
2026.04.19 17:02:38 INFO  no build target found for C:\Users\mateu\OneDrive\Desktop\Wszystko\Szkola\PWR\Przedmioty\4 sem\Języki Skryptowe\golinski-zadrozny-grupa-4-jezyki-skryptowe-python\Lista4\src\java\textAnalyzer\src\main\java\org\example\TextAnalyzer.java. Using fallback presentation compiler.
2026.04.19 17:04:44 INFO  no build target found for C:\Users\mateu\OneDrive\Desktop\Wszystko\Szkola\PWR\Przedmioty\4 sem\Języki Skryptowe\golinski-zadrozny-grupa-4-jezyki-skryptowe-python\Lista4\src\java\textAnalyzer\src\main\java\org\example\App.java. Using fallback presentation compiler.
2026.04.19 17:04:55 INFO  no build target found for C:\Users\mateu\OneDrive\Desktop\Wszystko\Szkola\PWR\Przedmioty\4 sem\Języki Skryptowe\golinski-zadrozny-grupa-4-jezyki-skryptowe-python\Lista4\src\java\textAnalyzer\src\main\java\org\example\TextAnalyzer.java. Using fallback presentation compiler.
